2025-08-05 08:28:34,269 [INFO] Activator:176 - 


2025-08-05 08:28:34,276 [INFO] Activator:177 - !SESSION log4j initialized
2025-08-05 08:28:41,827 [INFO] LogOutputStream:77 - [STDOUT_REDIRECT] 
2025-08-05 08:29:00,193 [INFO] ApplicationProperties:184 - Using Application install path: C:\ST\STM32CubeIDE_1.16.1\STM32CubeIDE\plugins\com.st.stm32cube.common.mx_6.12.1.202409122256
2025-08-05 08:29:00,218 [INFO] DbMcusXml:78 - Set database path to: C:\ST\STM32CubeIDE_1.16.1\STM32CubeIDE\plugins\com.st.stm32cube.common.mx_6.12.1.202409122256\\db\/mcu/
2025-08-05 08:29:00,219 [INFO] ApiDb:274 - Set plugin database path to: C:\ST\STM32CubeIDE_1.16.1\STM32CubeIDE\plugins\com.st.stm32cube.common.mx_6.12.1.202409122256\\db\/plugins/boardmanager/
2025-08-05 08:29:00,219 [WARN] ApiDb:259 - Overriding images path with different value:  => C:\ST\STM32CubeIDE_1.16.1\STM32CubeIDE\plugins\com.st.stm32cube.common.mx_6.12.1.202409122256\\db\/plugins/mcufinder/images/
2025-08-05 08:29:00,230 [INFO] ApiDb:250 - Set database path to: C:\Users\el208\.stmcufinder\plugins\mcufinder//mcu/
2025-08-05 08:29:00,232 [INFO] DbMcusAds:125 - Set database path to: C:\Users\el208\.stmcufinder\plugins\mcufinder//mcu/
2025-08-05 08:29:00,236 [INFO] CrossReferenceDbSqlite:203 - Set database path to: C:\Users\el208\.stmcufinder\plugins\mcufinder//mcu/cs/
2025-08-05 08:29:00,386 [INFO] RulesReader:64 - Compatibility file has been processed (297 Rules)
2025-08-05 08:29:00,524 [INFO] DbMcusXml:78 - Set database path to: C:\ST\STM32CubeIDE_1.16.1\STM32CubeIDE\plugins\com.st.stm32cube.common.mx_6.12.1.202409122256\\db\/mcu/
2025-08-05 08:29:00,525 [INFO] ApiDb:274 - Set plugin database path to: C:\ST\STM32CubeIDE_1.16.1\STM32CubeIDE\plugins\com.st.stm32cube.common.mx_6.12.1.202409122256\\db\/plugins/boardmanager/
2025-08-05 08:29:00,525 [INFO] ApiDb:261 - Set plugin images path to: C:\ST\STM32CubeIDE_1.16.1\STM32CubeIDE\plugins\com.st.stm32cube.common.mx_6.12.1.202409122256\\db\/plugins/mcufinder/images/
2025-08-05 08:29:00,525 [WARN] DbFile:41 - Overriding database path with different value: C:\Users\el208\.stmcufinder\plugins\mcufinder/ => C:\Users\el208\.stmcufinder\plugins\mcufinder
2025-08-05 08:29:00,525 [INFO] ApiDb:250 - Set database path to: C:\Users\el208\.stmcufinder\plugins\mcufinder//mcu/
2025-08-05 08:29:00,525 [WARN] DbFile:41 - Overriding database path with different value: C:\Users\el208\.stmcufinder\plugins\mcufinder/ => C:\Users\el208\.stmcufinder\plugins\mcufinder
2025-08-05 08:29:00,526 [INFO] DbMcusAds:125 - Set database path to: C:\Users\el208\.stmcufinder\plugins\mcufinder//mcu/
2025-08-05 08:29:00,526 [WARN] DbFile:41 - Overriding database path with different value: C:\Users\el208\.stmcufinder\plugins\mcufinder/ => C:\Users\el208\.stmcufinder\plugins\mcufinder
2025-08-05 08:29:00,526 [WARN] DbFile:41 - Overriding database path with different value: C:\Users\el208\.stmcufinder\plugins\mcufinder/ => C:\Users\el208\.stmcufinder\plugins\mcufinder
2025-08-05 08:29:00,526 [INFO] CrossReferenceDbSqlite:203 - Set database path to: C:\Users\el208\.stmcufinder\plugins\mcufinder//mcu/cs/
2025-08-05 08:29:00,653 [INFO] MainPanel:268 - HeapMemory: 268435456
2025-08-05 08:29:00,837 [INFO] DbMcusXml:78 - Set database path to: C:\ST\STM32CubeIDE_1.16.1\STM32CubeIDE\plugins\com.st.stm32cube.common.mx_6.12.1.202409122256\\db\/mcu/
2025-08-05 08:29:00,838 [INFO] ApiDb:274 - Set plugin database path to: C:\ST\STM32CubeIDE_1.16.1\STM32CubeIDE\plugins\com.st.stm32cube.common.mx_6.12.1.202409122256\\db\/plugins/boardmanager/
2025-08-05 08:29:00,838 [INFO] ApiDb:261 - Set plugin images path to: C:\ST\STM32CubeIDE_1.16.1\STM32CubeIDE\plugins\com.st.stm32cube.common.mx_6.12.1.202409122256\\db\/plugins/mcufinder/images/
2025-08-05 08:29:00,839 [WARN] DbFile:41 - Overriding database path with different value: C:\Users\el208\.stmcufinder\plugins\mcufinder/ => C:\Users\el208\.stmcufinder\plugins\mcufinder
2025-08-05 08:29:00,839 [INFO] ApiDb:250 - Set database path to: C:\Users\el208\.stmcufinder\plugins\mcufinder//mcu/
2025-08-05 08:29:00,839 [WARN] DbFile:41 - Overriding database path with different value: C:\Users\el208\.stmcufinder\plugins\mcufinder/ => C:\Users\el208\.stmcufinder\plugins\mcufinder
2025-08-05 08:29:00,839 [INFO] DbMcusAds:125 - Set database path to: C:\Users\el208\.stmcufinder\plugins\mcufinder//mcu/
2025-08-05 08:29:00,839 [WARN] DbFile:41 - Overriding database path with different value: C:\Users\el208\.stmcufinder\plugins\mcufinder/ => C:\Users\el208\.stmcufinder\plugins\mcufinder
2025-08-05 08:29:00,841 [WARN] DbFile:41 - Overriding database path with different value: C:\Users\el208\.stmcufinder\plugins\mcufinder/ => C:\Users\el208\.stmcufinder\plugins\mcufinder
2025-08-05 08:29:00,841 [INFO] CrossReferenceDbSqlite:203 - Set database path to: C:\Users\el208\.stmcufinder\plugins\mcufinder//mcu/cs/
2025-08-05 08:29:00,878 [INFO] ApplicationProperties:184 - Using Application install path: C:\ST\STM32CubeIDE_1.16.1\STM32CubeIDE\plugins\com.st.stm32cube.common.mx_6.12.1.202409122256
2025-08-05 08:29:00,881 [INFO] PluginManage:196 - Search for loadable plugins [exclusion list=, ]
2025-08-05 08:29:00,884 [INFO] PluginManage:310 - Check plugin analytics
2025-08-05 08:29:04,416 [ERROR] ConfigurationRetriever:142 - IOException on connection: Read timed out
2025-08-05 08:29:06,425 [ERROR] ConfigurationRetriever:142 - IOException on connection: Connect timed out
2025-08-05 08:29:06,458 [INFO] AnalyticsPlugin:253 - Accepted Software Licenses: 
2025-08-05 08:29:06,459 [INFO] AnalyticsPlugin:255 - Accepted CMSIS Pack Licenses: 
2025-08-05 08:29:06,461 [INFO] AnalyticsPlugin:257 - Accepted Firmware Licenses: FW.F4.1.28.0
2025-08-05 08:29:06,465 [INFO] PluginManage:359 - Loaded plugin analytics (category:tool,tabindex:-1)
2025-08-05 08:29:06,467 [INFO] PluginManage:310 - Check plugin cadmodel
2025-08-05 08:29:06,474 [INFO] CADModel:105 - Init CAD model plugin
2025-08-05 08:29:06,474 [INFO] PluginManage:359 - Loaded plugin cadmodel (category:power,tabindex:5)
2025-08-05 08:29:06,474 [INFO] PluginManage:310 - Check plugin clock
2025-08-05 08:29:06,487 [INFO] PluginManage:359 - Loaded plugin clock (category:base,tabindex:2)
2025-08-05 08:29:06,488 [INFO] PluginManage:310 - Check plugin ddr
2025-08-05 08:29:06,492 [INFO] PluginManage:359 - Loaded plugin ddr (category:tool,tabindex:6)
2025-08-05 08:29:06,492 [INFO] PluginManage:310 - Check plugin filemanager
2025-08-05 08:29:06,671 [INFO] PluginManage:359 - Loaded plugin filemanager (category:base,tabindex:10)
2025-08-05 08:29:06,671 [INFO] PluginManage:310 - Check plugin ipmanager
2025-08-05 08:29:06,680 [INFO] PluginManage:359 - Loaded plugin ipmanager (category:base,tabindex:5)
2025-08-05 08:29:06,680 [INFO] PluginManage:310 - Check plugin lpbam
2025-08-05 08:29:06,691 [INFO] PluginManage:359 - Loaded plugin lpbam (category:base,tabindex:0)
2025-08-05 08:29:06,691 [INFO] PluginManage:310 - Check plugin memorymap
2025-08-05 08:29:06,709 [INFO] PluginManage:359 - Loaded plugin memorymap (category:base,tabindex:4)
2025-08-05 08:29:06,709 [INFO] PluginManage:310 - Check plugin pinoutandconfiguration
2025-08-05 08:29:06,719 [INFO] PluginManage:359 - Loaded plugin pinoutandconfiguration (category:base,tabindex:1)
2025-08-05 08:29:06,719 [INFO] PluginManage:310 - Check plugin pinoutconfig
2025-08-05 08:29:06,820 [WARN] SupportedApi:132 - Cannot load RTOS API schema: s4s-elt-must-match.1: The content of 'definitions' must match (annotation?, (simpleType | complexType)?, (unique | key | keyref)*)). A problem was found starting at: attribute.
2025-08-05 08:29:06,976 [INFO] PluginManage:359 - Loaded plugin pinoutconfig (category:base,tabindex:0)
2025-08-05 08:29:06,976 [INFO] PluginManage:310 - Check plugin power
2025-08-05 08:29:06,987 [INFO] PluginManage:359 - Loaded plugin power (category:power,tabindex:4)
2025-08-05 08:29:06,987 [INFO] PluginManage:310 - Check plugin projectmanager
2025-08-05 08:29:07,005 [INFO] PluginManage:359 - Loaded plugin projectmanager (category:projectmanager,tabindex:4)
2025-08-05 08:29:07,005 [INFO] PluginManage:310 - Check plugin rif
2025-08-05 08:29:07,012 [INFO] PluginManage:359 - Loaded plugin rif (category:base,tabindex:3)
2025-08-05 08:29:07,012 [INFO] PluginManage:310 - Check plugin thirdparty
2025-08-05 08:29:07,164 [INFO] PluginManage:359 - Loaded plugin thirdparty (category:base,tabindex:-1)
2025-08-05 08:29:07,164 [WARN] IntegrityCheckThread:84 - waiting for thirdparty lock release [integrity check]
2025-08-05 08:29:07,164 [INFO] PluginManage:310 - Check plugin tools
2025-08-05 08:29:07,164 [INFO] IntegrityCheckThread:86 - entering critical section [integrity check]
2025-08-05 08:29:07,165 [INFO] ThirdPartyUpdaterWithRetryManager:70 - Updater plugin not ready yet. [1/15]
2025-08-05 08:29:07,168 [INFO] PluginManage:359 - Loaded plugin tools (category:base,tabindex:7)
2025-08-05 08:29:07,168 [INFO] PluginManage:310 - Check plugin tutovideos
2025-08-05 08:29:07,388 [INFO] PluginManage:359 - Loaded plugin tutovideos (category:base,tabindex:-1)
2025-08-05 08:29:07,388 [INFO] PluginManage:310 - Check plugin updater
2025-08-05 08:29:07,407 [INFO] PluginManage:359 - Loaded plugin updater (category:base,tabindex:12)
2025-08-05 08:29:07,407 [INFO] PluginManage:310 - Check plugin userauth
2025-08-05 08:29:07,415 [INFO] UserAuth:113 - Init User Auth plugin
2025-08-05 08:29:07,415 [INFO] PluginManage:359 - Loaded plugin userauth (category:base,tabindex:14)
2025-08-05 08:29:07,415 [INFO] PluginManage:283 - PluginManage : Loaded plugins [18]
2025-08-05 08:29:07,668 [INFO] PinOutPanel:1561 - setPackage(No Configuration,No Configuration)
2025-08-05 08:29:07,779 [INFO] CADModel:165 - CPN selected for project level
2025-08-05 08:29:07,779 [INFO] CADModel:114 - Register for checkConnection events
2025-08-05 08:29:07,798 [INFO] IPUIPlugin:80 - create IPUIPlugin
2025-08-05 08:29:07,798 [INFO] PluginManager:220 - loadIPPluginJar : add adc
2025-08-05 08:29:07,801 [INFO] IPUIPlugin:80 - create IPUIPlugin
2025-08-05 08:29:07,801 [INFO] PluginManager:220 - loadIPPluginJar : add aes
2025-08-05 08:29:07,805 [INFO] IPUIPlugin:80 - create IPUIPlugin
2025-08-05 08:29:07,805 [INFO] PluginManager:220 - loadIPPluginJar : add can
2025-08-05 08:29:07,807 [INFO] IPUIPlugin:80 - create IPUIPlugin
2025-08-05 08:29:07,807 [INFO] PluginManager:220 - loadIPPluginJar : add comp
2025-08-05 08:29:07,810 [INFO] IPUIPlugin:80 - create IPUIPlugin
2025-08-05 08:29:07,810 [INFO] PluginManager:220 - loadIPPluginJar : add cryp
2025-08-05 08:29:07,814 [INFO] IPUIPlugin:80 - create IPUIPlugin
2025-08-05 08:29:07,814 [INFO] PluginManager:220 - loadIPPluginJar : add ddr_ctrl_phy
2025-08-05 08:29:07,817 [INFO] IPUIPlugin:80 - create IPUIPlugin
2025-08-05 08:29:07,817 [INFO] PluginManager:220 - loadIPPluginJar : add dfsdm
2025-08-05 08:29:07,823 [INFO] IPUIPlugin:80 - create IPUIPlugin
2025-08-05 08:29:07,823 [INFO] PluginManager:220 - loadIPPluginJar : add dma
2025-08-05 08:29:07,827 [INFO] IPUIPlugin:80 - create IPUIPlugin
2025-08-05 08:29:07,827 [INFO] PluginManager:220 - loadIPPluginJar : add dma3
2025-08-05 08:29:07,830 [INFO] IPUIPlugin:80 - create IPUIPlugin
2025-08-05 08:29:07,830 [INFO] PluginManager:220 - loadIPPluginJar : add extmemmanager
2025-08-05 08:29:07,831 [INFO] IPUIPlugin:80 - create IPUIPlugin
2025-08-05 08:29:07,832 [INFO] PluginManager:220 - loadIPPluginJar : add fatfs
2025-08-05 08:29:07,836 [INFO] IPUIPlugin:80 - create IPUIPlugin
2025-08-05 08:29:07,836 [INFO] PluginManager:220 - loadIPPluginJar : add fmc
2025-08-05 08:29:07,844 [INFO] IPUIPlugin:80 - create IPUIPlugin
2025-08-05 08:29:07,844 [INFO] PluginManager:220 - loadIPPluginJar : add freertos
2025-08-05 08:29:07,846 [INFO] IPUIPlugin:80 - create IPUIPlugin
2025-08-05 08:29:07,846 [INFO] PluginManager:220 - loadIPPluginJar : add genericplugin
2025-08-05 08:29:07,849 [INFO] IPUIPlugin:80 - create IPUIPlugin
2025-08-05 08:29:07,849 [INFO] PluginManager:220 - loadIPPluginJar : add gfxmmu
2025-08-05 08:29:07,854 [INFO] IPUIPlugin:80 - create IPUIPlugin
2025-08-05 08:29:07,854 [INFO] PluginManager:220 - loadIPPluginJar : add gic
2025-08-05 08:29:07,858 [INFO] IPUIPlugin:80 - create IPUIPlugin
2025-08-05 08:29:07,858 [INFO] PluginManager:220 - loadIPPluginJar : add gpio
2025-08-05 08:29:07,860 [INFO] IPUIPlugin:80 - create IPUIPlugin
2025-08-05 08:29:07,861 [INFO] PluginManager:220 - loadIPPluginJar : add gtzc
2025-08-05 08:29:07,863 [INFO] IPUIPlugin:80 - create IPUIPlugin
2025-08-05 08:29:07,863 [INFO] PluginManager:220 - loadIPPluginJar : add hash
2025-08-05 08:29:07,867 [INFO] IPUIPlugin:80 - create IPUIPlugin
2025-08-05 08:29:07,868 [INFO] PluginManager:220 - loadIPPluginJar : add i2c
2025-08-05 08:29:07,871 [INFO] IPUIPlugin:80 - create IPUIPlugin
2025-08-05 08:29:07,871 [INFO] PluginManager:220 - loadIPPluginJar : add i2s
2025-08-05 08:29:07,874 [INFO] IPUIPlugin:80 - create IPUIPlugin
2025-08-05 08:29:07,875 [INFO] PluginManager:220 - loadIPPluginJar : add i3c
2025-08-05 08:29:07,878 [INFO] IPUIPlugin:80 - create IPUIPlugin
2025-08-05 08:29:07,879 [INFO] PluginManager:220 - loadIPPluginJar : add ipddr
2025-08-05 08:29:07,887 [INFO] IPUIPlugin:80 - create IPUIPlugin
2025-08-05 08:29:07,887 [INFO] PluginManager:220 - loadIPPluginJar : add linkedlist
2025-08-05 08:29:07,890 [INFO] IPUIPlugin:80 - create IPUIPlugin
2025-08-05 08:29:07,890 [INFO] PluginManager:220 - loadIPPluginJar : add lorawan
2025-08-05 08:29:07,892 [INFO] IPUIPlugin:80 - create IPUIPlugin
2025-08-05 08:29:07,892 [INFO] PluginManager:220 - loadIPPluginJar : add ltdc
2025-08-05 08:29:07,898 [INFO] IPUIPlugin:80 - create IPUIPlugin
2025-08-05 08:29:07,898 [INFO] PluginManager:220 - loadIPPluginJar : add mdma
2025-08-05 08:29:07,901 [INFO] IPUIPlugin:80 - create IPUIPlugin
2025-08-05 08:29:07,901 [INFO] PluginManager:220 - loadIPPluginJar : add nvic
2025-08-05 08:29:07,904 [INFO] IPUIPlugin:80 - create IPUIPlugin
2025-08-05 08:29:07,904 [INFO] PluginManager:220 - loadIPPluginJar : add opamp
2025-08-05 08:29:07,909 [INFO] IPUIPlugin:80 - create IPUIPlugin
2025-08-05 08:29:07,909 [INFO] PluginManager:220 - loadIPPluginJar : add openamp
2025-08-05 08:29:07,912 [INFO] IPUIPlugin:80 - create IPUIPlugin
2025-08-05 08:29:07,912 [INFO] PluginManager:220 - loadIPPluginJar : add pdm2pcm
2025-08-05 08:29:07,918 [INFO] IPUIPlugin:80 - create IPUIPlugin
2025-08-05 08:29:07,920 [INFO] PluginManager:220 - loadIPPluginJar : add plateformsettings
2025-08-05 08:29:07,922 [INFO] IPUIPlugin:80 - create IPUIPlugin
2025-08-05 08:29:07,922 [INFO] PluginManager:220 - loadIPPluginJar : add quadspi
2025-08-05 08:29:07,925 [INFO] IPUIPlugin:80 - create IPUIPlugin
2025-08-05 08:29:07,925 [INFO] PluginManager:220 - loadIPPluginJar : add radio
2025-08-05 08:29:07,929 [INFO] IPUIPlugin:80 - create IPUIPlugin
2025-08-05 08:29:07,929 [INFO] PluginManager:220 - loadIPPluginJar : add resmgrutility
2025-08-05 08:29:07,933 [INFO] IPUIPlugin:80 - create IPUIPlugin
2025-08-05 08:29:07,934 [INFO] PluginManager:220 - loadIPPluginJar : add sai
2025-08-05 08:29:07,936 [INFO] IPUIPlugin:80 - create IPUIPlugin
2025-08-05 08:29:07,936 [INFO] PluginManager:220 - loadIPPluginJar : add spi
2025-08-05 08:29:07,941 [INFO] IPUIPlugin:80 - create IPUIPlugin
2025-08-05 08:29:07,941 [INFO] PluginManager:220 - loadIPPluginJar : add stm32_wpan
2025-08-05 08:29:07,944 [INFO] IPUIPlugin:80 - create IPUIPlugin
2025-08-05 08:29:07,944 [INFO] PluginManager:220 - loadIPPluginJar : add tim
2025-08-05 08:29:07,948 [INFO] IPUIPlugin:80 - create IPUIPlugin
2025-08-05 08:29:07,948 [INFO] PluginManager:220 - loadIPPluginJar : add touchsensing
2025-08-05 08:29:07,950 [INFO] IPUIPlugin:80 - create IPUIPlugin
2025-08-05 08:29:07,950 [INFO] PluginManager:220 - loadIPPluginJar : add tracer_emb
2025-08-05 08:29:07,952 [INFO] IPUIPlugin:80 - create IPUIPlugin
2025-08-05 08:29:07,952 [INFO] PluginManager:220 - loadIPPluginJar : add ts
2025-08-05 08:29:07,954 [INFO] IPUIPlugin:80 - create IPUIPlugin
2025-08-05 08:29:07,954 [INFO] PluginManager:220 - loadIPPluginJar : add tsc
2025-08-05 08:29:07,956 [INFO] IPUIPlugin:80 - create IPUIPlugin
2025-08-05 08:29:07,956 [INFO] PluginManager:220 - loadIPPluginJar : add ucpd
2025-08-05 08:29:07,959 [INFO] IPUIPlugin:80 - create IPUIPlugin
2025-08-05 08:29:07,959 [INFO] PluginManager:220 - loadIPPluginJar : add usart
2025-08-05 08:29:07,962 [INFO] IPUIPlugin:80 - create IPUIPlugin
2025-08-05 08:29:07,962 [INFO] PluginManager:220 - loadIPPluginJar : add usbx
2025-08-05 08:29:08,119 [INFO] CADModel:165 - CPN selected for project level
2025-08-05 08:29:08,119 [INFO] CADModel:114 - Register for checkConnection events
2025-08-05 08:29:08,119 [FATAL] Updater:334 - Updater called before beeing initialized
2025-08-05 08:29:08,120 [ERROR] CADModel:125 - Updater not yet initialized, retry later 
2025-08-05 08:29:08,277 [INFO] CADModel:165 - CPN selected for project level
2025-08-05 08:29:08,277 [INFO] CADModel:114 - Register for checkConnection events
2025-08-05 08:29:08,277 [FATAL] Updater:334 - Updater called before beeing initialized
2025-08-05 08:29:08,277 [ERROR] CADModel:125 - Updater not yet initialized, retry later 
2025-08-05 08:29:08,280 [FATAL] Updater:334 - Updater called before beeing initialized
2025-08-05 08:29:08,400 [FATAL] Updater:334 - Updater called before beeing initialized
2025-08-05 08:29:08,405 [INFO] DbMcusAds:53 - JSON generation date=Tue Jul 08 11:14:23 EEST 2025 (1751962463582)
2025-08-05 08:29:08,405 [FATAL] Updater:334 - Updater called before beeing initialized
2025-08-05 08:29:08,453 [WARN] DetailPanel:346 - Failed to get advertising image, set to default
2025-08-05 08:29:08,572 [FATAL] Updater:334 - Updater called before beeing initialized
2025-08-05 08:29:08,575 [FATAL] Updater:334 - Updater called before beeing initialized
2025-08-05 08:29:08,575 [FATAL] Updater:334 - Updater called before beeing initialized
2025-08-05 08:29:08,575 [WARN] DetailPanel:346 - Failed to get advertising image, set to default
2025-08-05 08:29:08,576 [FATAL] Updater:334 - Updater called before beeing initialized
2025-08-05 08:29:08,629 [ERROR] Updater:1164 - MainUpdater not yet initialized. External WinMGr cannot be set.
2025-08-05 08:29:08,631 [INFO] Updater:1100 - Updater Version found : 6.12.1
2025-08-05 08:29:08,653 [INFO] ApplicationProperties:184 - Using Application install path: C:\ST\STM32CubeIDE_1.16.1\STM32CubeIDE\plugins\com.st.stm32cube.common.mx_6.12.1.202409122256
2025-08-05 08:29:10,178 [INFO] ThirdPartyUpdaterWithRetryManager:70 - Updater plugin not ready yet. [2/15]
2025-08-05 08:29:10,249 [ERROR] LogOutputStream:75 - [STDERR_REDIRECT] Aug 05, 2025 8:29:10 AM java.util.prefs.WindowsPreferences <init>
2025-08-05 08:29:10,250 [ERROR] LogOutputStream:75 - [STDERR_REDIRECT] WARNING: Could not open/create prefs root node Software\JavaSoft\Prefs at root 0xffffffff80000002. Windows RegCreateKeyEx(...) returned error code 5.
2025-08-05 08:29:10,250 [ERROR] LogOutputStream:75 - [STDERR_REDIRECT] 
2025-08-05 08:29:13,192 [FATAL] Updater:334 - Updater called before beeing initialized
2025-08-05 08:29:13,192 [ERROR] IntegrityCheckThread:130 - Cannot retrieve database content from updater: error 21
2025-08-05 08:29:13,193 [INFO] ThirdParty:978 - Integrity check success = false
2025-08-05 08:29:13,193 [INFO] IntegrityCheckThread:100 - exiting critical section [integrity check]
2025-08-05 08:29:13,193 [INFO] IntegrityCheckThread:103 - End integrity checks thread
2025-08-05 08:29:15,875 [WARN] CheckConnectionManager:291 - Warning during Server Connection :  timeout Connect to sw-center.st.com:443 [sw-center.st.com/93.186.137.249, sw-center.st.com/93.186.137.202] failed: Read timed out
2025-08-05 08:29:19,417 [ERROR] ConfigurationRetriever:142 - IOException on connection: Read timed out
2025-08-05 08:29:19,897 [WARN] CheckConnectionManager:291 - Warning during Server Connection :  timeout Connect to sw-center.st.com:443 [sw-center.st.com/93.186.137.249, sw-center.st.com/93.186.137.202] failed: Connect timed out
2025-08-05 08:29:19,901 [INFO] MainUpdater:2873 - connection check result : 22
2025-08-05 08:29:19,902 [INFO] MainUpdater:290 - Updater Check For Update Now.
2025-08-05 08:29:19,902 [INFO] MicroXplorer:498 - Change Database Version : DB.6.0.121
2025-08-05 08:29:19,918 [INFO] McuFinderGlobals:63 - Set McuFinder mode to 2 (CubeIDE integrated)
2025-08-05 08:29:19,920 [INFO] UserAuth:417 - Internet connection configuration mode: 2
2025-08-05 08:29:19,927 [INFO] UserAuth:417 - Internet connection configuration mode: 2
2025-08-05 08:29:20,194 [INFO] CheckServerUpdateThread:120 - End of CheckServer Thread
