2025-08-01 08:10:38,556 [INFO] Activator:176 - 


2025-08-01 08:10:38,566 [INFO] Activator:177 - !SESSION log4j initialized
2025-08-01 08:10:45,657 [INFO] LogOutputStream:77 - [STDOUT_REDIRECT] 
2025-08-01 08:11:03,603 [INFO] ApplicationProperties:184 - Using Application install path: C:\ST\STM32CubeIDE_1.16.1\STM32CubeIDE\plugins\com.st.stm32cube.common.mx_6.12.1.202409122256
2025-08-01 08:11:03,629 [INFO] DbMcusXml:78 - Set database path to: C:\ST\STM32CubeIDE_1.16.1\STM32CubeIDE\plugins\com.st.stm32cube.common.mx_6.12.1.202409122256\\db\/mcu/
2025-08-01 08:11:03,630 [INFO] ApiDb:274 - Set plugin database path to: C:\ST\STM32CubeIDE_1.16.1\STM32CubeIDE\plugins\com.st.stm32cube.common.mx_6.12.1.202409122256\\db\/plugins/boardmanager/
2025-08-01 08:11:03,630 [WARN] ApiDb:259 - Overriding images path with different value:  => C:\ST\STM32CubeIDE_1.16.1\STM32CubeIDE\plugins\com.st.stm32cube.common.mx_6.12.1.202409122256\\db\/plugins/mcufinder/images/
2025-08-01 08:11:03,644 [INFO] ApiDb:250 - Set database path to: C:\Users\el208\.stmcufinder\plugins\mcufinder//mcu/
2025-08-01 08:11:03,645 [INFO] DbMcusAds:125 - Set database path to: C:\Users\el208\.stmcufinder\plugins\mcufinder//mcu/
2025-08-01 08:11:03,648 [INFO] CrossReferenceDbSqlite:203 - Set database path to: C:\Users\el208\.stmcufinder\plugins\mcufinder//mcu/cs/
2025-08-01 08:11:03,785 [INFO] RulesReader:64 - Compatibility file has been processed (297 Rules)
2025-08-01 08:11:03,914 [INFO] DbMcusXml:78 - Set database path to: C:\ST\STM32CubeIDE_1.16.1\STM32CubeIDE\plugins\com.st.stm32cube.common.mx_6.12.1.202409122256\\db\/mcu/
2025-08-01 08:11:03,914 [INFO] ApiDb:274 - Set plugin database path to: C:\ST\STM32CubeIDE_1.16.1\STM32CubeIDE\plugins\com.st.stm32cube.common.mx_6.12.1.202409122256\\db\/plugins/boardmanager/
2025-08-01 08:11:03,914 [INFO] ApiDb:261 - Set plugin images path to: C:\ST\STM32CubeIDE_1.16.1\STM32CubeIDE\plugins\com.st.stm32cube.common.mx_6.12.1.202409122256\\db\/plugins/mcufinder/images/
2025-08-01 08:11:03,915 [WARN] DbFile:41 - Overriding database path with different value: C:\Users\el208\.stmcufinder\plugins\mcufinder/ => C:\Users\el208\.stmcufinder\plugins\mcufinder
2025-08-01 08:11:03,915 [INFO] ApiDb:250 - Set database path to: C:\Users\el208\.stmcufinder\plugins\mcufinder//mcu/
2025-08-01 08:11:03,915 [WARN] DbFile:41 - Overriding database path with different value: C:\Users\el208\.stmcufinder\plugins\mcufinder/ => C:\Users\el208\.stmcufinder\plugins\mcufinder
2025-08-01 08:11:03,915 [INFO] DbMcusAds:125 - Set database path to: C:\Users\el208\.stmcufinder\plugins\mcufinder//mcu/
2025-08-01 08:11:03,915 [WARN] DbFile:41 - Overriding database path with different value: C:\Users\el208\.stmcufinder\plugins\mcufinder/ => C:\Users\el208\.stmcufinder\plugins\mcufinder
2025-08-01 08:11:03,915 [WARN] DbFile:41 - Overriding database path with different value: C:\Users\el208\.stmcufinder\plugins\mcufinder/ => C:\Users\el208\.stmcufinder\plugins\mcufinder
2025-08-01 08:11:03,915 [INFO] CrossReferenceDbSqlite:203 - Set database path to: C:\Users\el208\.stmcufinder\plugins\mcufinder//mcu/cs/
2025-08-01 08:11:04,042 [INFO] MainPanel:268 - HeapMemory: 268435456
2025-08-01 08:11:04,189 [INFO] DbMcusXml:78 - Set database path to: C:\ST\STM32CubeIDE_1.16.1\STM32CubeIDE\plugins\com.st.stm32cube.common.mx_6.12.1.202409122256\\db\/mcu/
2025-08-01 08:11:04,189 [INFO] ApiDb:274 - Set plugin database path to: C:\ST\STM32CubeIDE_1.16.1\STM32CubeIDE\plugins\com.st.stm32cube.common.mx_6.12.1.202409122256\\db\/plugins/boardmanager/
2025-08-01 08:11:04,189 [INFO] ApiDb:261 - Set plugin images path to: C:\ST\STM32CubeIDE_1.16.1\STM32CubeIDE\plugins\com.st.stm32cube.common.mx_6.12.1.202409122256\\db\/plugins/mcufinder/images/
2025-08-01 08:11:04,190 [WARN] DbFile:41 - Overriding database path with different value: C:\Users\el208\.stmcufinder\plugins\mcufinder/ => C:\Users\el208\.stmcufinder\plugins\mcufinder
2025-08-01 08:11:04,190 [INFO] ApiDb:250 - Set database path to: C:\Users\el208\.stmcufinder\plugins\mcufinder//mcu/
2025-08-01 08:11:04,190 [WARN] DbFile:41 - Overriding database path with different value: C:\Users\el208\.stmcufinder\plugins\mcufinder/ => C:\Users\el208\.stmcufinder\plugins\mcufinder
2025-08-01 08:11:04,190 [INFO] DbMcusAds:125 - Set database path to: C:\Users\el208\.stmcufinder\plugins\mcufinder//mcu/
2025-08-01 08:11:04,190 [WARN] DbFile:41 - Overriding database path with different value: C:\Users\el208\.stmcufinder\plugins\mcufinder/ => C:\Users\el208\.stmcufinder\plugins\mcufinder
2025-08-01 08:11:04,190 [WARN] DbFile:41 - Overriding database path with different value: C:\Users\el208\.stmcufinder\plugins\mcufinder/ => C:\Users\el208\.stmcufinder\plugins\mcufinder
2025-08-01 08:11:04,190 [INFO] CrossReferenceDbSqlite:203 - Set database path to: C:\Users\el208\.stmcufinder\plugins\mcufinder//mcu/cs/
2025-08-01 08:11:04,216 [INFO] ApplicationProperties:184 - Using Application install path: C:\ST\STM32CubeIDE_1.16.1\STM32CubeIDE\plugins\com.st.stm32cube.common.mx_6.12.1.202409122256
2025-08-01 08:11:04,218 [INFO] PluginManage:196 - Search for loadable plugins [exclusion list=, ]
2025-08-01 08:11:04,220 [INFO] PluginManage:310 - Check plugin analytics
2025-08-01 08:11:09,466 [INFO] AnalyticsPlugin:253 - Accepted Software Licenses: 
2025-08-01 08:11:09,466 [INFO] AnalyticsPlugin:255 - Accepted CMSIS Pack Licenses: 
2025-08-01 08:11:09,467 [INFO] AnalyticsPlugin:257 - Accepted Firmware Licenses: FW.F4.1.28.0
2025-08-01 08:11:09,469 [INFO] PluginManage:359 - Loaded plugin analytics (category:tool,tabindex:-1)
2025-08-01 08:11:09,469 [INFO] PluginManage:310 - Check plugin cadmodel
2025-08-01 08:11:09,479 [INFO] CADModel:105 - Init CAD model plugin
2025-08-01 08:11:09,479 [INFO] PluginManage:359 - Loaded plugin cadmodel (category:power,tabindex:5)
2025-08-01 08:11:09,479 [INFO] PluginManage:310 - Check plugin clock
2025-08-01 08:11:09,494 [INFO] PluginManage:359 - Loaded plugin clock (category:base,tabindex:2)
2025-08-01 08:11:09,495 [INFO] PluginManage:310 - Check plugin ddr
2025-08-01 08:11:09,497 [INFO] PluginManage:359 - Loaded plugin ddr (category:tool,tabindex:6)
2025-08-01 08:11:09,499 [INFO] PluginManage:310 - Check plugin filemanager
2025-08-01 08:11:09,808 [INFO] PluginManage:359 - Loaded plugin filemanager (category:base,tabindex:10)
2025-08-01 08:11:09,808 [INFO] PluginManage:310 - Check plugin ipmanager
2025-08-01 08:11:09,822 [INFO] PluginManage:359 - Loaded plugin ipmanager (category:base,tabindex:5)
2025-08-01 08:11:09,822 [INFO] PluginManage:310 - Check plugin lpbam
2025-08-01 08:11:09,836 [INFO] PluginManage:359 - Loaded plugin lpbam (category:base,tabindex:0)
2025-08-01 08:11:09,836 [INFO] PluginManage:310 - Check plugin memorymap
2025-08-01 08:11:09,864 [INFO] PluginManage:359 - Loaded plugin memorymap (category:base,tabindex:4)
2025-08-01 08:11:09,864 [INFO] PluginManage:310 - Check plugin pinoutandconfiguration
2025-08-01 08:11:09,878 [INFO] PluginManage:359 - Loaded plugin pinoutandconfiguration (category:base,tabindex:1)
2025-08-01 08:11:09,878 [INFO] PluginManage:310 - Check plugin pinoutconfig
2025-08-01 08:11:10,012 [WARN] SupportedApi:132 - Cannot load RTOS API schema: s4s-elt-must-match.1: The content of 'definitions' must match (annotation?, (simpleType | complexType)?, (unique | key | keyref)*)). A problem was found starting at: attribute.
2025-08-01 08:11:10,205 [INFO] PluginManage:359 - Loaded plugin pinoutconfig (category:base,tabindex:0)
2025-08-01 08:11:10,205 [INFO] PluginManage:310 - Check plugin power
2025-08-01 08:11:10,224 [INFO] PluginManage:359 - Loaded plugin power (category:power,tabindex:4)
2025-08-01 08:11:10,224 [INFO] PluginManage:310 - Check plugin projectmanager
2025-08-01 08:11:10,268 [INFO] PluginManage:359 - Loaded plugin projectmanager (category:projectmanager,tabindex:4)
2025-08-01 08:11:10,268 [INFO] PluginManage:310 - Check plugin rif
2025-08-01 08:11:10,277 [INFO] PluginManage:359 - Loaded plugin rif (category:base,tabindex:3)
2025-08-01 08:11:10,277 [INFO] PluginManage:310 - Check plugin thirdparty
2025-08-01 08:11:10,455 [INFO] PluginManage:359 - Loaded plugin thirdparty (category:base,tabindex:-1)
2025-08-01 08:11:10,455 [INFO] PluginManage:310 - Check plugin tools
2025-08-01 08:11:10,455 [WARN] IntegrityCheckThread:84 - waiting for thirdparty lock release [integrity check]
2025-08-01 08:11:10,455 [INFO] IntegrityCheckThread:86 - entering critical section [integrity check]
2025-08-01 08:11:10,457 [INFO] ThirdPartyUpdaterWithRetryManager:70 - Updater plugin not ready yet. [1/15]
2025-08-01 08:11:10,459 [INFO] PluginManage:359 - Loaded plugin tools (category:base,tabindex:7)
2025-08-01 08:11:10,459 [INFO] PluginManage:310 - Check plugin tutovideos
2025-08-01 08:11:10,699 [INFO] PluginManage:359 - Loaded plugin tutovideos (category:base,tabindex:-1)
2025-08-01 08:11:10,699 [INFO] PluginManage:310 - Check plugin updater
2025-08-01 08:11:10,720 [INFO] PluginManage:359 - Loaded plugin updater (category:base,tabindex:12)
2025-08-01 08:11:10,722 [INFO] PluginManage:310 - Check plugin userauth
2025-08-01 08:11:10,729 [INFO] UserAuth:113 - Init User Auth plugin
2025-08-01 08:11:10,729 [INFO] PluginManage:359 - Loaded plugin userauth (category:base,tabindex:14)
2025-08-01 08:11:10,730 [INFO] PluginManage:283 - PluginManage : Loaded plugins [18]
2025-08-01 08:11:11,019 [INFO] PinOutPanel:1561 - setPackage(No Configuration,No Configuration)
2025-08-01 08:11:11,154 [INFO] CADModel:165 - CPN selected for project level
2025-08-01 08:11:11,155 [INFO] CADModel:114 - Register for checkConnection events
2025-08-01 08:11:11,179 [INFO] IPUIPlugin:80 - create IPUIPlugin
2025-08-01 08:11:11,179 [INFO] PluginManager:220 - loadIPPluginJar : add adc
2025-08-01 08:11:11,183 [INFO] IPUIPlugin:80 - create IPUIPlugin
2025-08-01 08:11:11,184 [INFO] PluginManager:220 - loadIPPluginJar : add aes
2025-08-01 08:11:11,189 [INFO] IPUIPlugin:80 - create IPUIPlugin
2025-08-01 08:11:11,189 [INFO] PluginManager:220 - loadIPPluginJar : add can
2025-08-01 08:11:11,192 [INFO] IPUIPlugin:80 - create IPUIPlugin
2025-08-01 08:11:11,192 [INFO] PluginManager:220 - loadIPPluginJar : add comp
2025-08-01 08:11:11,196 [INFO] IPUIPlugin:80 - create IPUIPlugin
2025-08-01 08:11:11,196 [INFO] PluginManager:220 - loadIPPluginJar : add cryp
2025-08-01 08:11:11,200 [INFO] IPUIPlugin:80 - create IPUIPlugin
2025-08-01 08:11:11,200 [INFO] PluginManager:220 - loadIPPluginJar : add ddr_ctrl_phy
2025-08-01 08:11:11,204 [INFO] IPUIPlugin:80 - create IPUIPlugin
2025-08-01 08:11:11,204 [INFO] PluginManager:220 - loadIPPluginJar : add dfsdm
2025-08-01 08:11:11,210 [INFO] IPUIPlugin:80 - create IPUIPlugin
2025-08-01 08:11:11,212 [INFO] PluginManager:220 - loadIPPluginJar : add dma
2025-08-01 08:11:11,215 [INFO] IPUIPlugin:80 - create IPUIPlugin
2025-08-01 08:11:11,215 [INFO] PluginManager:220 - loadIPPluginJar : add dma3
2025-08-01 08:11:11,221 [INFO] IPUIPlugin:80 - create IPUIPlugin
2025-08-01 08:11:11,221 [INFO] PluginManager:220 - loadIPPluginJar : add extmemmanager
2025-08-01 08:11:11,223 [INFO] IPUIPlugin:80 - create IPUIPlugin
2025-08-01 08:11:11,223 [INFO] PluginManager:220 - loadIPPluginJar : add fatfs
2025-08-01 08:11:11,228 [INFO] IPUIPlugin:80 - create IPUIPlugin
2025-08-01 08:11:11,229 [INFO] PluginManager:220 - loadIPPluginJar : add fmc
2025-08-01 08:11:11,236 [INFO] IPUIPlugin:80 - create IPUIPlugin
2025-08-01 08:11:11,237 [INFO] PluginManager:220 - loadIPPluginJar : add freertos
2025-08-01 08:11:11,239 [INFO] IPUIPlugin:80 - create IPUIPlugin
2025-08-01 08:11:11,240 [INFO] PluginManager:220 - loadIPPluginJar : add genericplugin
2025-08-01 08:11:11,244 [INFO] IPUIPlugin:80 - create IPUIPlugin
2025-08-01 08:11:11,244 [INFO] PluginManager:220 - loadIPPluginJar : add gfxmmu
2025-08-01 08:11:11,249 [INFO] IPUIPlugin:80 - create IPUIPlugin
2025-08-01 08:11:11,250 [INFO] PluginManager:220 - loadIPPluginJar : add gic
2025-08-01 08:11:11,255 [INFO] IPUIPlugin:80 - create IPUIPlugin
2025-08-01 08:11:11,255 [INFO] PluginManager:220 - loadIPPluginJar : add gpio
2025-08-01 08:11:11,260 [INFO] IPUIPlugin:80 - create IPUIPlugin
2025-08-01 08:11:11,260 [INFO] PluginManager:220 - loadIPPluginJar : add gtzc
2025-08-01 08:11:11,264 [INFO] IPUIPlugin:80 - create IPUIPlugin
2025-08-01 08:11:11,265 [INFO] PluginManager:220 - loadIPPluginJar : add hash
2025-08-01 08:11:11,268 [INFO] IPUIPlugin:80 - create IPUIPlugin
2025-08-01 08:11:11,268 [INFO] PluginManager:220 - loadIPPluginJar : add i2c
2025-08-01 08:11:11,270 [INFO] IPUIPlugin:80 - create IPUIPlugin
2025-08-01 08:11:11,272 [INFO] PluginManager:220 - loadIPPluginJar : add i2s
2025-08-01 08:11:11,276 [INFO] IPUIPlugin:80 - create IPUIPlugin
2025-08-01 08:11:11,276 [INFO] PluginManager:220 - loadIPPluginJar : add i3c
2025-08-01 08:11:11,279 [INFO] IPUIPlugin:80 - create IPUIPlugin
2025-08-01 08:11:11,280 [INFO] PluginManager:220 - loadIPPluginJar : add ipddr
2025-08-01 08:11:11,289 [INFO] IPUIPlugin:80 - create IPUIPlugin
2025-08-01 08:11:11,290 [INFO] PluginManager:220 - loadIPPluginJar : add linkedlist
2025-08-01 08:11:11,294 [INFO] IPUIPlugin:80 - create IPUIPlugin
2025-08-01 08:11:11,294 [INFO] PluginManager:220 - loadIPPluginJar : add lorawan
2025-08-01 08:11:11,297 [INFO] IPUIPlugin:80 - create IPUIPlugin
2025-08-01 08:11:11,297 [INFO] PluginManager:220 - loadIPPluginJar : add ltdc
2025-08-01 08:11:11,304 [INFO] IPUIPlugin:80 - create IPUIPlugin
2025-08-01 08:11:11,304 [INFO] PluginManager:220 - loadIPPluginJar : add mdma
2025-08-01 08:11:11,309 [INFO] IPUIPlugin:80 - create IPUIPlugin
2025-08-01 08:11:11,309 [INFO] PluginManager:220 - loadIPPluginJar : add nvic
2025-08-01 08:11:11,312 [INFO] IPUIPlugin:80 - create IPUIPlugin
2025-08-01 08:11:11,312 [INFO] PluginManager:220 - loadIPPluginJar : add opamp
2025-08-01 08:11:11,318 [INFO] IPUIPlugin:80 - create IPUIPlugin
2025-08-01 08:11:11,318 [INFO] PluginManager:220 - loadIPPluginJar : add openamp
2025-08-01 08:11:11,323 [INFO] IPUIPlugin:80 - create IPUIPlugin
2025-08-01 08:11:11,323 [INFO] PluginManager:220 - loadIPPluginJar : add pdm2pcm
2025-08-01 08:11:11,330 [INFO] IPUIPlugin:80 - create IPUIPlugin
2025-08-01 08:11:11,332 [INFO] PluginManager:220 - loadIPPluginJar : add plateformsettings
2025-08-01 08:11:11,336 [INFO] IPUIPlugin:80 - create IPUIPlugin
2025-08-01 08:11:11,336 [INFO] PluginManager:220 - loadIPPluginJar : add quadspi
2025-08-01 08:11:11,339 [INFO] IPUIPlugin:80 - create IPUIPlugin
2025-08-01 08:11:11,339 [INFO] PluginManager:220 - loadIPPluginJar : add radio
2025-08-01 08:11:11,345 [INFO] IPUIPlugin:80 - create IPUIPlugin
2025-08-01 08:11:11,345 [INFO] PluginManager:220 - loadIPPluginJar : add resmgrutility
2025-08-01 08:11:11,350 [INFO] IPUIPlugin:80 - create IPUIPlugin
2025-08-01 08:11:11,350 [INFO] PluginManager:220 - loadIPPluginJar : add sai
2025-08-01 08:11:11,354 [INFO] IPUIPlugin:80 - create IPUIPlugin
2025-08-01 08:11:11,354 [INFO] PluginManager:220 - loadIPPluginJar : add spi
2025-08-01 08:11:11,360 [INFO] IPUIPlugin:80 - create IPUIPlugin
2025-08-01 08:11:11,360 [INFO] PluginManager:220 - loadIPPluginJar : add stm32_wpan
2025-08-01 08:11:11,363 [INFO] IPUIPlugin:80 - create IPUIPlugin
2025-08-01 08:11:11,363 [INFO] PluginManager:220 - loadIPPluginJar : add tim
2025-08-01 08:11:11,368 [INFO] IPUIPlugin:80 - create IPUIPlugin
2025-08-01 08:11:11,368 [INFO] PluginManager:220 - loadIPPluginJar : add touchsensing
2025-08-01 08:11:11,372 [INFO] IPUIPlugin:80 - create IPUIPlugin
2025-08-01 08:11:11,372 [INFO] PluginManager:220 - loadIPPluginJar : add tracer_emb
2025-08-01 08:11:11,375 [INFO] IPUIPlugin:80 - create IPUIPlugin
2025-08-01 08:11:11,375 [INFO] PluginManager:220 - loadIPPluginJar : add ts
2025-08-01 08:11:11,378 [INFO] IPUIPlugin:80 - create IPUIPlugin
2025-08-01 08:11:11,378 [INFO] PluginManager:220 - loadIPPluginJar : add tsc
2025-08-01 08:11:11,381 [INFO] IPUIPlugin:80 - create IPUIPlugin
2025-08-01 08:11:11,381 [INFO] PluginManager:220 - loadIPPluginJar : add ucpd
2025-08-01 08:11:11,386 [INFO] IPUIPlugin:80 - create IPUIPlugin
2025-08-01 08:11:11,386 [INFO] PluginManager:220 - loadIPPluginJar : add usart
2025-08-01 08:11:11,390 [INFO] IPUIPlugin:80 - create IPUIPlugin
2025-08-01 08:11:11,390 [INFO] PluginManager:220 - loadIPPluginJar : add usbx
2025-08-01 08:11:11,540 [INFO] CADModel:165 - CPN selected for project level
2025-08-01 08:11:11,540 [INFO] CADModel:114 - Register for checkConnection events
2025-08-01 08:11:11,540 [FATAL] Updater:334 - Updater called before beeing initialized
2025-08-01 08:11:11,540 [ERROR] CADModel:125 - Updater not yet initialized, retry later 
2025-08-01 08:11:11,727 [INFO] CADModel:165 - CPN selected for project level
2025-08-01 08:11:11,727 [INFO] CADModel:114 - Register for checkConnection events
2025-08-01 08:11:11,727 [FATAL] Updater:334 - Updater called before beeing initialized
2025-08-01 08:11:11,727 [ERROR] CADModel:125 - Updater not yet initialized, retry later 
2025-08-01 08:11:11,730 [FATAL] Updater:334 - Updater called before beeing initialized
2025-08-01 08:11:11,873 [FATAL] Updater:334 - Updater called before beeing initialized
2025-08-01 08:11:11,879 [INFO] DbMcusAds:53 - JSON generation date=Tue Jul 08 11:14:23 EEST 2025 (1751962463562)
2025-08-01 08:11:11,879 [FATAL] Updater:334 - Updater called before beeing initialized
2025-08-01 08:11:11,934 [WARN] DetailPanel:346 - Failed to get advertising image, set to default
2025-08-01 08:11:12,077 [FATAL] Updater:334 - Updater called before beeing initialized
2025-08-01 08:11:12,079 [FATAL] Updater:334 - Updater called before beeing initialized
2025-08-01 08:11:12,079 [FATAL] Updater:334 - Updater called before beeing initialized
2025-08-01 08:11:12,079 [WARN] DetailPanel:346 - Failed to get advertising image, set to default
2025-08-01 08:11:12,081 [FATAL] Updater:334 - Updater called before beeing initialized
2025-08-01 08:11:12,168 [ERROR] Updater:1164 - MainUpdater not yet initialized. External WinMGr cannot be set.
2025-08-01 08:11:12,170 [INFO] Updater:1100 - Updater Version found : 6.12.1
2025-08-01 08:11:12,193 [INFO] ApplicationProperties:184 - Using Application install path: C:\ST\STM32CubeIDE_1.16.1\STM32CubeIDE\plugins\com.st.stm32cube.common.mx_6.12.1.202409122256
2025-08-01 08:11:13,458 [INFO] ThirdPartyUpdaterWithRetryManager:70 - Updater plugin not ready yet. [2/15]
2025-08-01 08:11:13,771 [ERROR] LogOutputStream:75 - [STDERR_REDIRECT] Aug 01, 2025 8:11:13 AM java.util.prefs.WindowsPreferences <init>
2025-08-01 08:11:13,773 [ERROR] LogOutputStream:75 - [STDERR_REDIRECT] WARNING: Could not open/create prefs root node Software\JavaSoft\Prefs at root 0xffffffff80000002. Windows RegCreateKeyEx(...) returned error code 5.
2025-08-01 08:11:13,773 [ERROR] LogOutputStream:75 - [STDERR_REDIRECT] 
2025-08-01 08:11:14,535 [INFO] MainUpdater:2873 - connection check result : 10
2025-08-01 08:11:14,536 [INFO] MainUpdater:290 - Updater Check For Update Now.
2025-08-01 08:11:14,536 [INFO] MicroXplorer:498 - Change Database Version : DB.6.0.121
2025-08-01 08:11:14,545 [INFO] McuFinderGlobals:63 - Set McuFinder mode to 2 (CubeIDE integrated)
2025-08-01 08:11:14,546 [INFO] UserAuth:417 - Internet connection configuration mode: 1
2025-08-01 08:11:14,585 [INFO] JxBrowserEngine:152 - Initiate JxBrowser Engine with user profile folder
2025-08-01 08:11:14,782 [INFO] CheckServerUpdateThread:120 - End of CheckServer Thread
2025-08-01 08:11:15,851 [INFO] WebApp:167 - Instantiating new browser for Auth
2025-08-01 08:11:16,879 [INFO] WebApp:448 - Apply proxy settings
2025-08-01 08:11:16,880 [INFO] WebApp:533 - Chromium requires no authentication
2025-08-01 08:11:16,896 [INFO] WebApp:476 - Direct internet connection detected
2025-08-01 08:11:16,935 [INFO] WebApp:869 - Register for checkConnection events
2025-08-01 08:11:16,936 [INFO] WebApp:448 - Apply proxy settings
2025-08-01 08:11:16,936 [INFO] WebApp:533 - Chromium requires no authentication
2025-08-01 08:11:16,936 [INFO] WebApp:476 - Direct internet connection detected
2025-08-01 08:11:17,011 [WARN] PackLoader:240 - Cannot read IP mode file for STMicroelectronics.FP-SNS-MOTENVWB1.1.4.0
2025-08-01 08:11:17,028 [WARN] PackLoader:240 - Cannot read IP mode file for STMicroelectronics.FP-ATR-ASTRA1.2.0.2
2025-08-01 08:11:17,039 [WARN] PackLoader:240 - Cannot read IP mode file for STMicroelectronics.X-CUBE-SMBUS.2.1.0
2025-08-01 08:11:17,119 [WARN] PackLoader:240 - Cannot read IP mode file for STMicroelectronics.X-CUBE-WB05N.1.1.0
2025-08-01 08:11:17,145 [ERROR] Engine:466 - C:\Users\el208\.stm32cubemx\thirdparties\pdsc\STMicroelectronics.X-CUBE-ST60.1.0.0.pdsc: PDSC version is not supported
2025-08-01 08:11:17,177 [WARN] PackLoader:240 - Cannot read IP mode file for STMicroelectronics.X-CUBE-AZRTOS-F7.1.1.0
2025-08-01 08:11:17,250 [WARN] PackLoader:240 - Cannot read IP mode file for STMicroelectronics.X-CUBE-MEMS1.11.0.0
2025-08-01 08:11:17,307 [INFO] WebApp:220 - Starting web application
2025-08-01 08:11:17,309 [INFO] WebApp:578 - Web application path used C:\ST\STM32CubeIDE_1.16.1\STM32CubeIDE\plugins\com.st.stm32cube.common.mx_6.12.1.202409122256\db\plugins\mcufinder\reactClient1\index.html
2025-08-01 08:11:17,477 [WARN] PackLoader:240 - Cannot read IP mode file for STMicroelectronics.FP-SNS-FLIGHT1.5.0.2
2025-08-01 08:11:17,505 [INFO] UserAuth:417 - Internet connection configuration mode: 1
2025-08-01 08:11:17,539 [WARN] PackLoader:240 - Cannot read IP mode file for STMicroelectronics.X-CUBE-AZRTOS-H7.3.4.0
2025-08-01 08:11:17,568 [WARN] PackLoader:240 - Cannot read IP mode file for STMicroelectronics.X-CUBE-DISPLAY.3.0.0
2025-08-01 08:11:17,587 [INFO] WebApp:186 - Connection restablished
2025-08-01 08:11:17,590 [WARN] PackLoader:240 - Cannot read IP mode file for STMicroelectronics.X-CUBE-BLE1.7.0.0
2025-08-01 08:11:17,603 [WARN] PackLoader:240 - Cannot read IP mode file for STMicroelectronics.X-CUBE-NFC10.1.0.0
2025-08-01 08:11:17,622 [WARN] PackLoader:240 - Cannot read IP mode file for STMicroelectronics.X-CUBE-BLEMGR.4.0.0
2025-08-01 08:11:17,637 [WARN] PackLoader:240 - Cannot read IP mode file for emotas.I-CUBE-CANOPEN.1.3.0
2025-08-01 08:11:17,646 [WARN] ConditionMgr:438 - getConditionDescription Invalid condition id : Cortex-A Device cause : null
2025-08-01 08:11:17,676 [WARN] ConditionMgr:1039 - genDependencies : Invalid condition id : Cortex-A Device cause : null
2025-08-01 08:11:17,676 [WARN] ConditionMgr:1039 - genDependencies : Invalid condition id : Cortex-A Device cause : null
2025-08-01 08:11:17,676 [WARN] ConditionMgr:1039 - genDependencies : Invalid condition id : Cortex-A Device cause : null
2025-08-01 08:11:17,692 [WARN] PackLoader:240 - Cannot read IP mode file for STMicroelectronics.X-CUBE-BLEMGR.3.1.0
2025-08-01 08:11:17,703 [ERROR] Engine:466 - C:\Users\el208\.stm32cubemx\thirdparties\pdsc\STMicroelectronics.FP-SNS-STBOX1.2.1.0.pdsc: PDSC version is not supported
2025-08-01 08:11:17,712 [WARN] PackLoader:240 - Cannot read IP mode file for STMicroelectronics.FP-SNS-SMARTAG2.1.2.0
2025-08-01 08:11:17,717 [ERROR] Engine:466 - C:\Users\el208\.stm32cubemx\thirdparties\pdsc\STMicroelectronics.FP-SNS-FLIGHT1.5.1.0.pdsc: PDSC version is not supported
2025-08-01 08:11:17,735 [INFO] LogOutputStream:77 - [STDOUT_REDIRECT] 1 : Invalid condition id : UX_CORESTACK_Condition cause : null
2025-08-01 08:11:17,736 [INFO] LogOutputStream:77 - [STDOUT_REDIRECT] 1 : Invalid condition id : UX_CORESTACK_Condition cause : null
2025-08-01 08:11:17,737 [INFO] LogOutputStream:77 - [STDOUT_REDIRECT] 1 : Invalid condition id : UX_CORESTACK_Condition cause : null
2025-08-01 08:11:17,740 [INFO] LogOutputStream:77 - [STDOUT_REDIRECT] 1 : Invalid condition id : UX_CORESTACK_Condition cause : null
2025-08-01 08:11:17,741 [INFO] LogOutputStream:77 - [STDOUT_REDIRECT] 1 : Invalid condition id : UX_CORESTACK_Condition cause : null
2025-08-01 08:11:17,745 [WARN] PackLoader:240 - Cannot read IP mode file for STMicroelectronics.X-CUBE-AZRTOS-WL.2.0.0
2025-08-01 08:11:17,753 [WARN] PackLoader:240 - Cannot read IP mode file for STMicroelectronics.FP-SNS-MOTENV1.5.0.0
2025-08-01 08:11:17,764 [WARN] PackLoader:240 - Cannot read IP mode file for wolfSSL.I-CUBE-wolfMQTT.1.19.0
2025-08-01 08:11:17,780 [WARN] PackLoader:240 - Cannot read IP mode file for WES.I-CUBE-Cesium.1.3.0
2025-08-01 08:11:17,790 [WARN] PackLoader:240 - Cannot read IP mode file for STMicroelectronics.X-CUBE-BLE2.3.3.0
2025-08-01 08:11:17,802 [WARN] PackLoader:240 - Cannot read IP mode file for STMicroelectronics.X-CUBE-NFC9.1.0.0
2025-08-01 08:11:17,810 [WARN] PackLoader:240 - Cannot read IP mode file for STMicroelectronics.X-CUBE-BLE1.7.1.0
2025-08-01 08:11:17,824 [WARN] PackLoader:240 - Cannot read IP mode file for STMicroelectronics.X-CUBE-TCPP.4.1.0
2025-08-01 08:11:17,841 [WARN] PackLoader:240 - Cannot read IP mode file for STMicroelectronics.X-CUBE-EEPRMA1.5.2.0
2025-08-01 08:11:17,852 [WARN] PackLoader:240 - Cannot read IP mode file for STMicroelectronics.X-CUBE-AI.10.1.0
2025-08-01 08:11:17,873 [WARN] PackLoader:240 - Cannot read IP mode file for STMicroelectronics.X-CUBE-AZRTOS-G0.1.1.0
2025-08-01 08:11:17,888 [WARN] PackLoader:240 - Cannot read IP mode file for STMicroelectronics.X-CUBE-SAFEA1.1.2.2
2025-08-01 08:11:17,899 [WARN] PackLoader:240 - Cannot read IP mode file for STMicroelectronics.X-CUBE-NFC4.3.0.0
2025-08-01 08:11:17,916 [WARN] PackLoader:240 - Cannot read IP mode file for EmbeddedOffice.I-CUBE-FS-RTOS.1.0.1
2025-08-01 08:11:17,917 [ERROR] ConditionMgr:805 - Attr not supported : Dmpu
2025-08-01 08:11:17,917 [ERROR] ConditionMgr:805 - Attr not supported : Dmpu
2025-08-01 08:11:17,917 [ERROR] ConditionMgr:805 - Attr not supported : Dmpu
2025-08-01 08:11:17,917 [ERROR] ConditionMgr:805 - Attr not supported : Dmpu
2025-08-01 08:11:17,917 [ERROR] ConditionMgr:805 - Attr not supported : Dmpu
2025-08-01 08:11:17,918 [ERROR] ConditionMgr:805 - Attr not supported : Dmpu
2025-08-01 08:11:17,918 [ERROR] ConditionMgr:805 - Attr not supported : Dmpu
2025-08-01 08:11:17,918 [ERROR] ConditionMgr:805 - Attr not supported : Dmpu
2025-08-01 08:11:17,918 [ERROR] ConditionMgr:805 - Attr not supported : Dmpu
2025-08-01 08:11:17,918 [ERROR] ConditionMgr:805 - Attr not supported : Dmpu
2025-08-01 08:11:17,918 [ERROR] ConditionMgr:805 - Attr not supported : Dmpu
2025-08-01 08:11:17,918 [ERROR] ConditionMgr:805 - Attr not supported : Dmpu
2025-08-01 08:11:17,919 [ERROR] ConditionMgr:805 - Attr not supported : Dmpu
2025-08-01 08:11:17,919 [ERROR] ConditionMgr:805 - Attr not supported : Dmpu
2025-08-01 08:11:17,919 [ERROR] ConditionMgr:805 - Attr not supported : Dmpu
2025-08-01 08:11:17,919 [ERROR] ConditionMgr:805 - Attr not supported : Dmpu
2025-08-01 08:11:17,919 [ERROR] ConditionMgr:805 - Attr not supported : Dmpu
2025-08-01 08:11:17,919 [ERROR] ConditionMgr:805 - Attr not supported : Dmpu
2025-08-01 08:11:17,919 [ERROR] ConditionMgr:805 - Attr not supported : Dmpu
2025-08-01 08:11:17,919 [ERROR] ConditionMgr:805 - Attr not supported : Dmpu
2025-08-01 08:11:17,919 [ERROR] ConditionMgr:805 - Attr not supported : Dmpu
2025-08-01 08:11:17,919 [ERROR] ConditionMgr:805 - Attr not supported : Dmpu
2025-08-01 08:11:17,919 [ERROR] ConditionMgr:805 - Attr not supported : Dmpu
2025-08-01 08:11:17,919 [ERROR] ConditionMgr:805 - Attr not supported : Dmpu
2025-08-01 08:11:17,919 [ERROR] ConditionMgr:805 - Attr not supported : Dmpu
2025-08-01 08:11:17,919 [ERROR] ConditionMgr:805 - Attr not supported : Dmpu
2025-08-01 08:11:17,919 [ERROR] ConditionMgr:805 - Attr not supported : Dmpu
2025-08-01 08:11:17,919 [ERROR] ConditionMgr:805 - Attr not supported : Dmpu
2025-08-01 08:11:17,919 [ERROR] ConditionMgr:805 - Attr not supported : Dmpu
2025-08-01 08:11:17,920 [ERROR] ConditionMgr:805 - Attr not supported : Dmpu
2025-08-01 08:11:17,920 [ERROR] ConditionMgr:805 - Attr not supported : Dmpu
2025-08-01 08:11:17,920 [ERROR] ConditionMgr:805 - Attr not supported : Dmpu
2025-08-01 08:11:17,920 [ERROR] ConditionMgr:805 - Attr not supported : Dmpu
2025-08-01 08:11:17,920 [ERROR] ConditionMgr:805 - Attr not supported : Dmpu
2025-08-01 08:11:17,920 [ERROR] ConditionMgr:805 - Attr not supported : Dmpu
2025-08-01 08:11:17,920 [ERROR] ConditionMgr:805 - Attr not supported : Dmpu
2025-08-01 08:11:17,920 [ERROR] ConditionMgr:805 - Attr not supported : Dmpu
2025-08-01 08:11:17,920 [ERROR] ConditionMgr:805 - Attr not supported : Dmpu
2025-08-01 08:11:17,920 [ERROR] ConditionMgr:805 - Attr not supported : Dmpu
2025-08-01 08:11:17,920 [ERROR] ConditionMgr:805 - Attr not supported : Dmpu
2025-08-01 08:11:17,920 [ERROR] ConditionMgr:805 - Attr not supported : Dmpu
2025-08-01 08:11:17,920 [ERROR] ConditionMgr:805 - Attr not supported : Dmpu
2025-08-01 08:11:17,920 [ERROR] ConditionMgr:805 - Attr not supported : Dmpu
2025-08-01 08:11:17,920 [ERROR] ConditionMgr:805 - Attr not supported : Dmpu
2025-08-01 08:11:17,920 [ERROR] ConditionMgr:805 - Attr not supported : Dmpu
2025-08-01 08:11:17,920 [ERROR] ConditionMgr:805 - Attr not supported : Dmpu
2025-08-01 08:11:17,920 [ERROR] ConditionMgr:805 - Attr not supported : Dmpu
2025-08-01 08:11:17,922 [ERROR] ConditionMgr:805 - Attr not supported : Dmpu
2025-08-01 08:11:17,922 [ERROR] ConditionMgr:805 - Attr not supported : Dmpu
2025-08-01 08:11:17,922 [ERROR] ConditionMgr:805 - Attr not supported : Dmpu
2025-08-01 08:11:17,922 [ERROR] ConditionMgr:805 - Attr not supported : Dmpu
2025-08-01 08:11:17,922 [ERROR] ConditionMgr:805 - Attr not supported : Dmpu
2025-08-01 08:11:17,922 [ERROR] ConditionMgr:805 - Attr not supported : Dmpu
2025-08-01 08:11:17,922 [ERROR] ConditionMgr:805 - Attr not supported : Dmpu
2025-08-01 08:11:17,922 [ERROR] ConditionMgr:805 - Attr not supported : Dmpu
2025-08-01 08:11:17,922 [ERROR] ConditionMgr:805 - Attr not supported : Dmpu
2025-08-01 08:11:17,922 [ERROR] ConditionMgr:805 - Attr not supported : Dmpu
2025-08-01 08:11:17,922 [ERROR] ConditionMgr:805 - Attr not supported : Dmpu
2025-08-01 08:11:17,922 [ERROR] ConditionMgr:805 - Attr not supported : Dmpu
2025-08-01 08:11:17,922 [ERROR] ConditionMgr:805 - Attr not supported : Dmpu
2025-08-01 08:11:17,922 [ERROR] ConditionMgr:805 - Attr not supported : Dmpu
2025-08-01 08:11:17,922 [ERROR] ConditionMgr:805 - Attr not supported : Dmpu
2025-08-01 08:11:17,922 [ERROR] ConditionMgr:805 - Attr not supported : Dmpu
2025-08-01 08:11:17,922 [ERROR] ConditionMgr:805 - Attr not supported : Dmpu
2025-08-01 08:11:17,930 [WARN] PackLoader:240 - Cannot read IP mode file for STMicroelectronics.X-CUBE-WB05N.2.0.0
2025-08-01 08:11:17,939 [ERROR] Engine:466 - C:\Users\el208\.stm32cubemx\thirdparties\pdsc\STMicroelectronics.X-CUBE-TCPP.4.2.0.pdsc: PDSC version is not supported
2025-08-01 08:11:17,948 [WARN] PackLoader:240 - Cannot read IP mode file for RealThread.X-CUBE-RT-Thread_Nano.4.1.1
2025-08-01 08:11:17,957 [WARN] PackLoader:240 - Cannot read IP mode file for STMicroelectronics.FP-ATR-SIGFOX1.3.2.0
2025-08-01 08:11:17,965 [WARN] PackLoader:240 - Cannot read IP mode file for wolfSSL.I-CUBE-wolfSSL.5.7.2
2025-08-01 08:11:17,975 [WARN] PackLoader:240 - Cannot read IP mode file for STMicroelectronics.X-CUBE-EEPRMA1.5.1.0
2025-08-01 08:11:17,987 [WARN] PackLoader:240 - Cannot read IP mode file for ITTIA_DB.I-CUBE-ITTIADB.8.9.0
2025-08-01 08:11:17,992 [ERROR] Engine:466 - C:\Users\el208\.stm32cubemx\thirdparties\pdsc\STMicroelectronics.X-CUBE-ST67W61.1.0.0.pdsc: PDSC version is not supported
2025-08-01 08:11:18,030 [WARN] PackLoader:240 - Cannot read IP mode file for SEGGER.I-CUBE-embOS.1.3.1
2025-08-01 08:11:18,099 [WARN] PackLoader:240 - Cannot read IP mode file for STMicroelectronics.X-CUBE-ALGOBUILD.1.4.0
2025-08-01 08:11:18,166 [WARN] PackLoader:240 - Cannot read IP mode file for STMicroelectronics.X-CUBE-MEMS1.11.3.0
2025-08-01 08:11:18,380 [WARN] PackLoader:240 - Cannot read IP mode file for STMicroelectronics.X-CUBE-AI.9.1.0
2025-08-01 08:11:18,390 [WARN] PackLoader:240 - Cannot read IP mode file for STMicroelectronics.X-CUBE-PM33A1.1.0.0
2025-08-01 08:11:18,414 [WARN] PackLoader:240 - Cannot read IP mode file for STMicroelectronics.X-CUBE-AZRTOS-F4.1.1.0
2025-08-01 08:11:18,420 [ERROR] Engine:466 - C:\Users\el208\.stm32cubemx\thirdparties\pdsc\Avnet-IotConnect.X-CUBE-IoTC-DA16k-PMOD.1.0.0.pdsc: PDSC version is not supported
2025-08-01 08:11:18,428 [WARN] PackLoader:240 - Cannot read IP mode file for STMicroelectronics.X-CUBE-ISPU.2.1.0
2025-08-01 08:11:18,437 [WARN] PackLoader:240 - Cannot read IP mode file for STMicroelectronics.X-CUBE-FREERTOS.1.2.0
2025-08-01 08:11:18,448 [WARN] PackLoader:240 - Cannot read IP mode file for STMicroelectronics.X-CUBE-NFC12.1.0.0
2025-08-01 08:11:18,470 [WARN] PackLoader:240 - Cannot read IP mode file for STMicroelectronics.X-CUBE-AZRTOS-L5.2.0.0
2025-08-01 08:11:18,485 [WARN] PackLoader:240 - Cannot read IP mode file for STMicroelectronics.X-CUBE-NFC6.3.1.0
2025-08-01 08:11:18,496 [WARN] PackLoader:240 - Cannot read IP mode file for STMicroelectronics.X-CUBE-DPower.1.2.0
2025-08-01 08:11:18,505 [WARN] PackLoader:240 - Cannot read IP mode file for STMicroelectronics.X-CUBE-FREERTOS.1.3.1
2025-08-01 08:11:18,513 [WARN] PackLoader:240 - Cannot read IP mode file for STMicroelectronics.X-CUBE-NFC7.1.0.1
2025-08-01 08:11:18,520 [ERROR] Engine:466 - C:\Users\el208\.stm32cubemx\thirdparties\pdsc\STMicroelectronics.FP-SNS-STAIOTCFT.1.0.0.pdsc: PDSC version is not supported
2025-08-01 08:11:18,527 [WARN] PackLoader:240 - Cannot read IP mode file for STMicroelectronics.X-CUBE-DPower.1.3.0
2025-08-01 08:11:18,556 [WARN] ConditionMgr:438 - getConditionDescription Invalid condition id : LAN8742 Phy interface Condition cause : null
2025-08-01 08:11:18,557 [WARN] PackLoader:240 - Cannot read IP mode file for STMicroelectronics.X-CUBE-AZRTOS-L4.2.0.0
2025-08-01 08:11:18,559 [WARN] ConditionMgr:1039 - genDependencies : Invalid condition id : LAN8742 Phy interface Condition cause : null
2025-08-01 08:11:18,559 [WARN] ConditionMgr:1039 - genDependencies : Invalid condition id : LAN8742 Phy interface Condition cause : null
2025-08-01 08:11:18,559 [WARN] ConditionMgr:1039 - genDependencies : Invalid condition id : LAN8742 Phy interface Condition cause : null
2025-08-01 08:11:18,574 [WARN] PackLoader:240 - Cannot read IP mode file for STMicroelectronics.X-CUBE-SFXS2LP1.4.0.0
2025-08-01 08:11:18,609 [WARN] PackLoader:240 - Cannot read IP mode file for STMicroelectronics.X-CUBE-AZRTOS-H7.3.3.0
2025-08-01 08:11:18,617 [ERROR] Engine:466 - C:\Users\el208\.stm32cubemx\thirdparties\pdsc\STMicroelectronics.X-CUBE-BLEMGR.4.1.0.pdsc: PDSC version is not supported
2025-08-01 08:11:18,630 [WARN] PackLoader:240 - Cannot read IP mode file for STMicroelectronics.X-CUBE-IPS.3.0.0
2025-08-01 08:11:18,652 [WARN] ConditionMgr:438 - getConditionDescription Invalid condition id : UX DEVICE CLASS RTOS Condition cause : null
2025-08-01 08:11:18,652 [WARN] ConditionMgr:438 - getConditionDescription Invalid condition id : UX DEVICE CLASS RTOS Condition cause : null
2025-08-01 08:11:18,654 [WARN] PackLoader:240 - Cannot read IP mode file for STMicroelectronics.X-CUBE-AZRTOS-WB.2.0.0
2025-08-01 08:11:18,655 [WARN] ConditionMgr:1039 - genDependencies : Invalid condition id : UX DEVICE CLASS RTOS Condition cause : null
2025-08-01 08:11:18,657 [WARN] ConditionMgr:1039 - genDependencies : Invalid condition id : UX DEVICE CLASS RTOS Condition cause : null
2025-08-01 08:11:18,658 [WARN] ConditionMgr:1039 - genDependencies : Invalid condition id : UX DEVICE CLASS RTOS Condition cause : null
2025-08-01 08:11:18,658 [WARN] ConditionMgr:1039 - genDependencies : Invalid condition id : UX DEVICE CLASS RTOS Condition cause : null
2025-08-01 08:11:18,658 [WARN] ConditionMgr:1039 - genDependencies : Invalid condition id : UX DEVICE CLASS RTOS Condition cause : null
2025-08-01 08:11:18,670 [WARN] PackLoader:240 - Cannot read IP mode file for STMicroelectronics.X-CUBE-GNSS1.7.0.0
2025-08-01 08:11:18,678 [WARN] PackLoader:240 - Cannot read IP mode file for STMicroelectronics.X-CUBE-GNSS1.7.0.1
2025-08-01 08:11:18,689 [WARN] PackLoader:240 - Cannot read IP mode file for STMicroelectronics.X-CUBE-TOUCHGFX.4.25.0
2025-08-01 08:11:18,700 [WARN] PackLoader:240 - Cannot read IP mode file for STMicroelectronics.FP-SNS-STBOX1.2.0.0
2025-08-01 08:11:18,716 [WARN] PackLoader:240 - Cannot read IP mode file for STMicroelectronics.X-CUBE-SUBG2.5.0.0
2025-08-01 08:11:18,742 [WARN] PackLoader:240 - Cannot read IP mode file for STMicroelectronics.X-CUBE-AZRTOS-H7RS.1.1.0
2025-08-01 08:11:18,754 [WARN] PackLoader:240 - Cannot read IP mode file for Cesanta.I-CUBE-Mongoose.7.13.0
2025-08-01 08:11:18,770 [WARN] PackLoader:240 - Cannot read IP mode file for STMicroelectronics.X-CUBE-AZRTOS-G4.2.0.0
2025-08-01 08:11:18,779 [WARN] PackLoader:240 - Cannot read IP mode file for STMicroelectronics.X-CUBE-NFC7.2.0.0
2025-08-01 08:11:18,784 [ERROR] Engine:466 - C:\Users\el208\.stm32cubemx\thirdparties\pdsc\STMicroelectronics.X-CUBE-IPS.3.1.0.pdsc: PDSC version is not supported
2025-08-01 08:11:18,792 [WARN] PackLoader:240 - Cannot read IP mode file for STMicroelectronics.X-CUBE-ALS.1.0.2
2025-08-01 08:11:18,796 [WARN] PackLoader:240 - Cannot read IP mode file for STMicroelectronics.X-CUBE-TOUCHGFX.4.24.1
2025-08-01 08:11:18,803 [WARN] PackLoader:240 - Cannot read IP mode file for wolfSSL.I-CUBE-wolfTPM.3.4.0
2025-08-01 08:11:18,812 [WARN] PackLoader:240 - Cannot read IP mode file for portGmbH.I-Cube-SoM-uGOAL.1.1.0
2025-08-01 08:11:18,830 [WARN] PackLoader:240 - Cannot read IP mode file for STMicroelectronics.X-CUBE-AZRTOS-H7RS.1.0.0
2025-08-01 08:11:18,838 [WARN] PackLoader:240 - Cannot read IP mode file for STMicroelectronics.FP-ATR-ASTRA1.2.0.0
2025-08-01 08:11:18,852 [WARN] PackLoader:240 - Cannot read IP mode file for STMicroelectronics.X-CUBE-TOF1.3.4.2
2025-08-01 08:11:18,866 [ERROR] Engine:466 - C:\Users\el208\.stm32cubemx\thirdparties\pdsc\STMicroelectronics.X-CUBE-TOF1.3.4.3.pdsc: PDSC version is not supported
2025-08-01 08:11:18,883 [WARN] PackLoader:240 - Cannot read IP mode file for Infineon.AIROC-Wi-Fi-Bluetooth-STM32.1.6.1
2025-08-01 08:11:18,892 [WARN] PackLoader:240 - Cannot read IP mode file for wolfSSL.I-CUBE-wolfSSH.1.4.17
2025-08-01 08:11:18,893 [INFO] ThirdParty:978 - Integrity check success = true
2025-08-01 08:11:18,894 [INFO] IntegrityCheckThread:100 - exiting critical section [integrity check]
2025-08-01 08:11:18,894 [INFO] IntegrityCheckThread:103 - End integrity checks thread
2025-08-01 08:33:30,275 [INFO] McuFinderGlobals:63 - Set McuFinder mode to 2 (CubeIDE integrated)
2025-08-01 08:33:30,285 [INFO] MainUpdater:2873 - connection check result : 10
2025-08-01 08:33:30,287 [INFO] MainUpdater:2873 - connection check result : 10
2025-08-01 08:33:30,380 [INFO] RulesReader:64 - Compatibility file has been processed (297 Rules)
2025-08-01 08:33:30,397 [INFO] RulesReader:64 - Compatibility file has been processed (297 Rules)
2025-08-01 08:33:30,405 [INFO] MicroXplorer:468 - Change Database Path : 
2025-08-01 08:33:30,406 [INFO] MicroXplorer:498 - Change Database Version : DB.6.0.121
2025-08-01 08:33:30,430 [WARN] ThirdParty:871 - waiting for thirdparty lock release [close project]
2025-08-01 08:33:30,430 [INFO] ThirdParty:873 - entering critical section [close project]
2025-08-01 08:33:30,431 [INFO] ThirdParty:883 - exiting critical section [close project]
2025-08-01 08:33:30,437 [INFO] PinOutPanel:1561 - setPackage(No Configuration,No Configuration)
2025-08-01 08:33:30,445 [INFO] UtilMem:75 - Begin LoadConfig() Used Memory: 815277312 Bytes (1073741824)
2025-08-01 08:33:30,448 [INFO] MicroXplorer:468 - Change Database Path : 
2025-08-01 08:33:30,448 [INFO] MicroXplorer:498 - Change Database Version : DB.6.0.121
2025-08-01 08:33:30,448 [INFO] OpenFileManager:332 - Change cursor
2025-08-01 08:33:30,500 [INFO] Mcu:2032 - Initializing MCU STM32F401R(D-E)Tx STM32F401RETx STM32F401RET6
2025-08-01 08:33:32,038 [INFO] Context:742 - Trying to add GPIOservice into a context  which must be forbidden
2025-08-01 08:33:32,649 [INFO] RtosManager:555 - Registered RTOS mode: class=CMSIS, group=RTOS, mode=CMSIS_V1, owner=FREERTOS
2025-08-01 08:33:32,649 [INFO] RtosManager:555 - Registered RTOS mode: class=CMSIS, group=RTOS2, mode=CMSIS_V2, owner=FREERTOS
2025-08-01 08:33:32,649 [INFO] RtosManager:555 - Registered RTOS mode: class=RTOS, group=Core, mode=CMSIS_V1, owner=FREERTOS
2025-08-01 08:33:32,649 [INFO] RtosManager:555 - Registered RTOS mode: class=RTOS, group=Core, mode=CMSIS_V2, owner=FREERTOS
2025-08-01 08:33:32,650 [WARN] ModelIntegratedComponent:184 - Missing modes for component STMicroelectronics:FreeRTOS:0.0.1:STMicroelectronics:RTOS:FreeRTOS:Core:::10.2.0:
2025-08-01 08:33:32,667 [WARN] ModelIntegratedComponent:63 - No mode defined for component null
2025-08-01 08:33:32,667 [WARN] ModelIntegratedComponent:63 - No mode defined for component null
2025-08-01 08:33:32,669 [WARN] ModelIntegratedComponent:63 - No mode defined for component null
2025-08-01 08:33:32,669 [WARN] ModelIntegratedComponent:63 - No mode defined for component null
2025-08-01 08:33:32,669 [WARN] ModelIntegratedComponent:63 - No mode defined for component null
2025-08-01 08:33:32,669 [WARN] ModelIntegratedComponent:63 - No mode defined for component null
2025-08-01 08:33:32,669 [WARN] ModelIntegratedComponent:63 - No mode defined for component null
2025-08-01 08:33:32,669 [WARN] ModelIntegratedComponent:63 - No mode defined for component null
2025-08-01 08:33:32,669 [WARN] ModelIntegratedComponent:63 - No mode defined for component null
2025-08-01 08:33:32,669 [WARN] ModelIntegratedComponent:63 - No mode defined for component null
2025-08-01 08:33:32,669 [WARN] ModelIntegratedComponent:63 - No mode defined for component null
2025-08-01 08:33:32,669 [WARN] ModelIntegratedComponent:63 - No mode defined for component null
2025-08-01 08:33:32,669 [WARN] ModelIntegratedComponent:63 - No mode defined for component null
2025-08-01 08:33:32,669 [WARN] ModelIntegratedComponent:63 - No mode defined for component null
2025-08-01 08:33:32,669 [WARN] ModelIntegratedComponent:63 - No mode defined for component null
2025-08-01 08:33:32,669 [WARN] ModelIntegratedComponent:63 - No mode defined for component null
2025-08-01 08:33:32,669 [WARN] ModelIntegratedComponent:63 - No mode defined for component null
2025-08-01 08:33:32,669 [WARN] ModelIntegratedComponent:63 - No mode defined for component null
2025-08-01 08:33:32,669 [WARN] ModelIntegratedComponent:63 - No mode defined for component null
2025-08-01 08:33:32,669 [WARN] ModelIntegratedComponent:63 - No mode defined for component null
2025-08-01 08:33:32,669 [WARN] ModelIntegratedComponent:63 - No mode defined for component null
2025-08-01 08:33:32,669 [WARN] ModelIntegratedComponent:63 - No mode defined for component null
2025-08-01 08:33:32,669 [WARN] ModelIntegratedComponent:63 - No mode defined for component null
2025-08-01 08:33:32,669 [WARN] ModelIntegratedComponent:63 - No mode defined for component null
2025-08-01 08:33:32,670 [WARN] ModelIntegratedComponent:63 - No mode defined for component null
2025-08-01 08:33:32,670 [WARN] ModelIntegratedComponent:63 - No mode defined for component null
2025-08-01 08:33:32,670 [WARN] ModelIntegratedComponent:63 - No mode defined for component null
2025-08-01 08:33:32,670 [WARN] ModelIntegratedComponent:63 - No mode defined for component null
2025-08-01 08:33:32,670 [WARN] ModelIntegratedComponent:63 - No mode defined for component null
2025-08-01 08:33:32,670 [WARN] ModelIntegratedComponent:63 - No mode defined for component null
2025-08-01 08:33:32,670 [WARN] ModelIntegratedComponent:63 - No mode defined for component null
2025-08-01 08:33:32,670 [WARN] ModelIntegratedComponent:63 - No mode defined for component null
2025-08-01 08:33:32,670 [WARN] ModelIntegratedComponent:63 - No mode defined for component null
2025-08-01 08:33:32,670 [WARN] ModelIntegratedComponent:63 - No mode defined for component null
2025-08-01 08:33:32,670 [WARN] ModelIntegratedComponent:63 - No mode defined for component null
2025-08-01 08:33:32,671 [WARN] ModelPack:524 - Component already loaded: STMicroelectronics:HAL Drivers:0.0.0:STMicroelectronics:Device:STMicro_Driver:XSPI:HAL::0.0.1:HAL_XSPI
2025-08-01 08:33:32,809 [INFO] ThirdPartyModel:298 - Start build external matchings
2025-08-01 08:33:33,631 [INFO] ThirdPartyModel:316 - End build external matchings
2025-08-01 08:33:33,663 [INFO] ImportTextPane:205 - (OptionalMessage_ERROR) IP (RCC) : Parameter (RTCHSEDivFreq_Value) has invalid value (4000000)
2025-08-01 08:33:34,003 [INFO] ApiDb:581 - Connected to CubeFinder SQLite database (C:\Users\el208\.stmcufinder\plugins\mcufinder\mcu\cube-finder-db.db)
2025-08-01 08:33:34,123 [INFO] ApiDb:668 - CubeFinder database Data Model version=2.1
2025-08-01 08:33:34,123 [INFO] ApiDb:669 - CubeFinder database Configuration version=3.0.39
2025-08-01 08:33:34,125 [INFO] ApiDb:670 - CubeFinder database generation date=2025-07-21 (1753107327)
2025-08-01 08:33:34,125 [INFO] ApiDb:671 - CubeFinder database FW Pack versions=[FP-ATR-ASTRA1_V2.0.0, FP-SNS-FLIGHT1_V5.1.0, FP-SNS-MOTENV1_V5.0.0, FP-SNS-MOTENVWB1_V1.4.0, FP-SNS-SMARTAG2_V1.2.0, FP-SNS-STBOX1_V2.0.0, STM32Cube_FW_C0_V1.4.0, STM32Cube_FW_F4_V1.28.2, STM32Cube_FW_F7_V1.17.3, STM32Cube_FW_G0_V1.6.2, STM32Cube_FW_G4_V1.6.1, STM32Cube_FW_H5_V1.5.0, STM32Cube_FW_H7RS_V1.2.0, STM32Cube_FW_H7_V1.12.1, STM32Cube_FW_L0_V1.12.2, STM32Cube_FW_L4_V1.18.1, STM32Cube_FW_L5_V1.5.1, STM32Cube_FW_N6_V1.2.0, STM32Cube_FW_U0_V1.3.0, STM32Cube_FW_U3_V1.2.0, STM32Cube_FW_U5_V1.8.0, STM32Cube_FW_WB0_V1.3.0, STM32Cube_FW_WBA_V1.7.0, STM32Cube_FW_WB_V1.23.0, STM32Cube_FW_WL3_V1.2.0, STM32Cube_FW_WL_V1.3.1, X-CUBE-ALGOBUILD_V1.4.0, X-CUBE-ALS_V1.0.2, X-CUBE-AZRTOS-F4_V1.1.0, X-CUBE-AZRTOS-F7_V1.1.0, X-CUBE-AZRTOS-G0_V1.1.0, X-CUBE-AZRTOS-G4_V2.0.0, X-CUBE-AZRTOS-H7RS_V1.1.0, X-CUBE-AZRTOS-H7_V3.3.0, X-CUBE-AZRTOS-L4_V2.0.0, X-CUBE-AZRTOS-L5_V2.0.0, X-CUBE-AZRTOS-WB_V2.0.0, X-CUBE-AZRTOS-WL_V2.0.0, X-CUBE-BLE1_V7.1.0, X-CUBE-BLE2_V3.3.0, X-CUBE-BLEMGR_V4.0.0, X-CUBE-EEPRMA1_V5.1.0, X-CUBE-FREERTOS_V1.3.1, X-CUBE-GNSS1_V6.0.0, X-CUBE-MEMS1_V11.3.0, X-CUBE-NFC4_V3.0.0, X-CUBE-NFC7_V2.0.0, X-CUBE-SFXS2LP1_V4.0.0, X-CUBE-SUBG2_V5.0.0, X-CUBE-TOF1_V3.4.3]
2025-08-01 08:33:34,303 [INFO] DbBoardsSqlite:226 - include board P-NUCLEO-WB55-NUCLEO as a kit item of type 'Nucleo-64'
2025-08-01 08:33:34,304 [INFO] DbBoardsSqlite:226 - include board P-NUCLEO-WB55-USBDONGLE as a kit item of type 'Nucleo USB Dongle'
2025-08-01 08:33:34,305 [INFO] DbBoardsSqlite:226 - include board STEVAL-IDP005V1 as a kit item of type 'Evaluation Board'
2025-08-01 08:33:34,305 [INFO] DbBoardsSqlite:226 - include board STEVAL-IDP005V2 as a kit item of type 'Evaluation Board'
2025-08-01 08:33:34,887 [INFO] ApiDb:240 - Found 646 in-development CPN: [B-G473E-ZEST1S, B-WB1M-WPAN1, B-WL5M-SUBG1, NUCLEO-C031C6, NUCLEO-C071RB, NUCLEO-H503RB, NUCLEO-H533RE, NUCLEO-H563ZI, NUCLEO-H7S3L8, NUCLEO-U031R8, NUCLEO-U083RC, NUCLEO-U545RE-Q, NUCLEO-U5A5ZJ-Q, NUCLEO-WB05KZ, NUCLEO-WB07CC, NUCLEO-WB09KE, NUCLEO-WBA52CG, NUCLEO-WBA55CG, STEVAL-PROTEUS1, STEVAL-SMARTAG2, STEVAL-STWINBX1, STM320518-EVAL, STM32C0116-DK, STM32C011D6Y3TR, STM32C011D6Y6TR, STM32C011F4P3, STM32C011F4P6, STM32C011F4U3, STM32C011F4U6TR, STM32C011F6P3, STM32C011F6P6, STM32C011F6U3, STM32C011F6U6TR, STM32C011J4M3, STM32C011J4M6, STM32C011J6M3, STM32C011J6M6, STM32C0316-DK, STM32C031C4T3, STM32C031C4T6, STM32C031C4U3, STM32C031C4U6, STM32C031C6T3, STM32C031C6T6, STM32C031C6U3, STM32C031C6U6, STM32C031F4P3, STM32C031F4P6, STM32C031F6P3, STM32C031F6P6, STM32C031G4U3, STM32C031G4U6, STM32C031G6U3, STM32C031G6U6, STM32C031K4T3, STM32C031K4T6, STM32C031K4U3, STM32C031K4U6, STM32C031K6T3, STM32C031K6T6, STM32C031K6U3, STM32C031K6U6, STM32C071C8T6, STM32C071C8T6N, STM32C071C8U6, STM32C071C8U6N, STM32C071CBT6, STM32C071CBT6N, STM32C071CBU6, STM32C071CBU6N, STM32C071F8P6, STM32C071F8P6N, STM32C071FBP6, STM32C071FBP6N, STM32C071FBY6TR, STM32C071G8U6, STM32C071G8U6N, STM32C071GBU6, STM32C071GBU6N, STM32C071K8T6, STM32C071K8T6N, STM32C071K8U6, STM32C071K8U6N, STM32C071KBT6, STM32C071KBT6N, STM32C071KBU6, STM32C071KBU6N, STM32C071R8T6, STM32C071R8T6N, STM32C071RBI6N, STM32C071RBT6, STM32C071RBT6N, STM32G071K8TXN, STM32G071K8UXN, STM32G081GBU6N, STM32G081KBT6N, STM32G081KBUXN, STM32G0B1CCT6N, STM32G0B1KCT6, STM32G0B1NEY6TR, STM32G0B1RCT6N, STM32G0C1CCT6, STM32G0C1CCT6N, STM32G0C1CCU6N, STM32G0C1CET6N, STM32G0C1CEU6N, STM32G0C1KCT6, STM32G0C1NEY6TR, STM32G0C1RCI6N, STM32G0C1RCT6N, STM32G0C1REI6N, STM32G0C1RET6N, STM32G0C1VCI6, STM32G0C1VEI6, STM32G411C6T3, STM32G411C6T6, STM32G411C6U3, STM32G411C6U6, STM32G411C8T3, STM32G411C8T6, STM32G411C8U3, STM32G411C8U6, STM32G411CBT3, STM32G411CBT6, STM32G411CBU3, STM32G411CBU6, STM32G411K6T3, STM32G411K6T6, STM32G411K6U3, STM32G411K6U6, STM32G411K8T3, STM32G411K8T6, STM32G411K8U3, STM32G411K8U6, STM32G411KBT3, STM32G411KBT6, STM32G411KBU3, STM32G411KBU6, STM32G411M6T3, STM32G411M6T6, STM32G411M8T3, STM32G411M8T6, STM32G411MBT3, STM32G411MBT6, STM32G411R6T3, STM32G411R6T6, STM32G411R8T3, STM32G411R8T6, STM32G411RBT3, STM32G411RBT6, STM32G414CBT3, STM32G414CBT6, STM32G414CBU3, STM32G414CBU6, STM32G414CCT3, STM32G414CCT6, STM32G414CCU3, STM32G414CCU6, STM32G414MBT3, STM32G414MBT6, STM32G414MCT3, STM32G414MCT6, STM32G414RBT3, STM32G414RBT6, STM32G414RCT3, STM32G414RCT6, STM32G414VBT3, STM32G414VBT6, STM32G414VCT3, STM32G414VCT6, STM32G431CBT3Z, STM32G431RBT3Z, STM32G471CCT6, STM32G471CCU6, STM32G471CET3, STM32G471CET6, STM32G471CEU3, STM32G471CEU6, STM32G471MCT6, STM32G471MET3, STM32G471MET6, STM32G471MEY6TR, STM32G471QCT6, STM32G471QET3, STM32G471RCT6, STM32G471RET3, STM32G471RET6, STM32G471VCH6, STM32G471VCI6, STM32G471VCT6, STM32G471VEH3, STM32G471VEH6, STM32G471VEI3, STM32G471VEI6, STM32G471VET3, STM32G471VET6, STM32G473QET3Z, STM32G473RET3Z, STM32G474CCT6, STM32G491RET3Z, STM32H503CBT6, STM32H503CBU6, STM32H503EBY6TR, STM32H503KBU6, STM32H503RBT6, STM32H523CCT6, STM32H523CCU6, STM32H523CET6, STM32H523CEU6, STM32H523HEY6TR, STM32H523RCT6, STM32H523RET6, STM32H523VCI6, STM32H523VCT6, STM32H523VEI6, STM32H523VET6, STM32H523ZCJ6, STM32H523ZCT6, STM32H523ZEJ6, STM32H523ZET6, STM32H533CET6, STM32H533CEU6, STM32H533HEY6TR, STM32H533RET6, STM32H533VEI6, STM32H533VET6, STM32H533ZEJ6, STM32H533ZET6, STM32H562AGI6, STM32H562AII6, STM32H562IGK6, STM32H562IGT6, STM32H562IIK6, STM32H562IIT6, STM32H562RGT6, STM32H562RGV6, STM32H562RIT6, STM32H562RIV6, STM32H562VGT6, STM32H562VIT6, STM32H562ZGT6, STM32H562ZIT6, STM32H563AGI6, STM32H563AII3Q, STM32H563AII6, STM32H563IGK6, STM32H563IGT6, STM32H563IIK3Q, STM32H563IIK6, STM32H563IIT3Q, STM32H563IIT6, STM32H563MIY3QTR, STM32H563RGT6, STM32H563RGV6, STM32H563RIT6, STM32H563RIV6, STM32H563VGT6, STM32H563VIT3Q, STM32H563VIT6, STM32H563ZGT6, STM32H563ZIT3Q, STM32H563ZIT6, STM32H573AII3Q, STM32H573AII6, STM32H573I-DK, STM32H573IIK3Q, STM32H573IIK6, STM32H573IIT3Q, STM32H573IIT6, STM32H573MIY3QTR, STM32H573RIT6, STM32H573RIV6, STM32H573VIT3Q, STM32H573VIT6, STM32H573ZIT3Q, STM32H573ZIT6, STM32H7R3A8I6, STM32H7R3I8K6, STM32H7R3I8T6, STM32H7R3L8H6, STM32H7R3L8H6H, STM32H7R3R8V6, STM32H7R3V8H6, STM32H7R3V8T6, STM32H7R3V8Y6TR, STM32H7R3Z8J6, STM32H7R3Z8T6, STM32H7R7A8I6, STM32H7R7I8K6, STM32H7R7I8T6, STM32H7R7L8H6, STM32H7R7L8H6H, STM32H7R7Z8J6, STM32H7S3A8I6, STM32H7S3I8K6, STM32H7S3I8T6, STM32H7S3L8H6, STM32H7S3L8H6H, STM32H7S3R8V6, STM32H7S3V8H6, STM32H7S3V8T6, STM32H7S3V8Y6TR, STM32H7S3Z8J6, STM32H7S3Z8T6, STM32H7S78-DK, STM32H7S7A8I6, STM32H7S7I8K6, STM32H7S7I8T6, STM32H7S7L8H6, STM32H7S7L8H6H, STM32H7S7Z8J6, STM32L4R5QGI6STR, STM32MP131AAE3, STM32MP131AAF3, STM32MP131AAG3, STM32MP131CAE3, STM32MP131CAF3, STM32MP131CAG3, STM32MP131DAE7, STM32MP131DAF7, STM32MP131DAG7, STM32MP131FAE7, STM32MP131FAF7, STM32MP131FAG7, STM32MP133AAE3, STM32MP133AAF3, STM32MP133AAG3, STM32MP133CAE3, STM32MP133CAF3, STM32MP133CAG3, STM32MP133DAE7, STM32MP133DAF7, STM32MP133DAG7, STM32MP133FAE7, STM32MP133FAF7, STM32MP133FAG7, STM32MP135AAE3, STM32MP135AAF3, STM32MP135AAG3, STM32MP135CAE3, STM32MP135CAF3, STM32MP135CAG3, STM32MP135DAE7, STM32MP135DAF7, STM32MP135DAG7, STM32MP135F-DK, STM32MP135FAE7, STM32MP135FAF7, STM32MP135FAF7T, STM32MP135FAF7U, STM32MP135FAG7, STM32MP251AAI3, STM32MP251AAK3, STM32MP251AAL3, STM32MP251CAI3, STM32MP251CAK3, STM32MP251CAL3, STM32MP251DAI3, STM32MP251DAK3, STM32MP251DAL3, STM32MP251FAI3, STM32MP251FAK3, STM32MP251FAL3, STM32MP253AAI3, STM32MP253AAK3, STM32MP253AAL3, STM32MP253CAI3, STM32MP253CAK3, STM32MP253CAL3, STM32MP253DAI3, STM32MP253DAK3, STM32MP253DAL3, STM32MP253FAI3, STM32MP253FAK3, STM32MP253FAL3, STM32MP255AAI3, STM32MP255AAK3, STM32MP255AAL3, STM32MP255CAI3, STM32MP255CAK3, STM32MP255CAL3, STM32MP255DAI3, STM32MP255DAK3, STM32MP255DAL3, STM32MP255FAI3, STM32MP255FAK3, STM32MP255FAL3, STM32MP257AAI3, STM32MP257AAK3, STM32MP257AAL3, STM32MP257CAI3, STM32MP257CAK3, STM32MP257CAL3, STM32MP257DAI3, STM32MP257DAK3, STM32MP257DAL3, STM32MP257F-DK, STM32MP257F-EV1, STM32MP257FAI3, STM32MP257FAK3, STM32MP257FAL3, STM32U031C6T6, STM32U031C6U6, STM32U031C8T6, STM32U031C8U6, STM32U031F4P6, STM32U031F6P6, STM32U031F8P6, STM32U031G6Y6TR, STM32U031G8Y6TR, STM32U031K4U6, STM32U031K6U6, STM32U031K8U6, STM32U031R6I6, STM32U031R6T6, STM32U031R8I6, STM32U031R8T6, STM32U073C8T6, STM32U073C8U6, STM32U073CBT6, STM32U073CBU6, STM32U073CCT6, STM32U073CCU6, STM32U073H8Y6TR, STM32U073HBY6TR, STM32U073HCY6TR, STM32U073K8U6, STM32U073KBU6, STM32U073KCU6, STM32U073M8I6, STM32U073M8T6, STM32U073MBI6, STM32U073MBT6, STM32U073MCI6, STM32U073MCT6, STM32U073R8I6, STM32U073R8T6, STM32U073RBI6, STM32U073RBT6, STM32U073RCI6, STM32U073RCT6, STM32U083C-DK, STM32U083CCT6, STM32U083CCU6, STM32U083HCY6TR, STM32U083KCU6, STM32U083MCI6, STM32U083MCT6, STM32U083RCI6, STM32U083RCT6, STM32U535CBT6, STM32U535CBT6Q, STM32U535CBU6, STM32U535CBU6Q, STM32U535CCT6, STM32U535CCT6Q, STM32U535CCU6, STM32U535CCU6Q, STM32U535CET6, STM32U535CET6Q, STM32U535CEU6, STM32U535CEU6Q, STM32U535JEY6QTR, STM32U535NCY6QTR, STM32U535NEY6QTR, STM32U535RBI6, STM32U535RBI6Q, STM32U535RBT6, STM32U535RBT6Q, STM32U535RCI6, STM32U535RCI6Q, STM32U535RCT6, STM32U535RCT6Q, STM32U535REI6, STM32U535REI6Q, STM32U535RET6, STM32U535RET6Q, STM32U535VCI6, STM32U535VCI6Q, STM32U535VCT6, STM32U535VCT6Q, STM32U535VEI6, STM32U535VEI6Q, STM32U535VET6, STM32U535VET6Q, STM32U545CET6, STM32U545CET6Q, STM32U545CEU6, STM32U545CEU6Q, STM32U545JEY6QTR, STM32U545NEY6QTR, STM32U545REI6, STM32U545REI6Q, STM32U545RET6, STM32U545RET6Q, STM32U545VEI6, STM32U545VEI6Q, STM32U545VET6, STM32U545VET6Q, STM32U595AIH6, STM32U595AIH6Q, STM32U595AJH6, STM32U595AJH6Q, STM32U595QII6, STM32U595QII6Q, STM32U595QJI6, STM32U595QJI6Q, STM32U595RIT6, STM32U595RIT6Q, STM32U595RJT6, STM32U595RJT6Q, STM32U595VIT6, STM32U595VIT6Q, STM32U595VJT6, STM32U595VJT6Q, STM32U595ZIT6, STM32U595ZIT6Q, STM32U595ZIY6QTR, STM32U595ZJT6, STM32U595ZJT6Q, STM32U595ZJY6QTR, STM32U599BJY6QTR, STM32U599NIH6Q, STM32U599NJH6Q, STM32U599VIT6Q, STM32U599VJT6, STM32U599VJT6Q, STM32U599ZIT6Q, STM32U599ZIY6QTR, STM32U599ZJT6Q, STM32U599ZJY6QTR, STM32U5A5AJH6, STM32U5A5AJH6Q, STM32U5A5QII3Q , STM32U5A5QJI6, STM32U5A5QJI6Q, STM32U5A5RJT6, STM32U5A5RJT6Q, STM32U5A5VJT6, STM32U5A5VJT6Q, STM32U5A5ZJT6, STM32U5A5ZJT6Q, STM32U5A5ZJY6QTR, STM32U5A9BJY6QTR, STM32U5A9J-DK, STM32U5A9NJH6Q, STM32U5A9VJT6Q, STM32U5A9ZJT6Q, STM32U5A9ZJY6QTR, STM32U5F7VIT6, STM32U5F7VIT6Q, STM32U5F7VJT6, STM32U5F7VJT6Q, STM32U5F9BJY6QTR, STM32U5F9NJH6Q, STM32U5F9VIT6Q, STM32U5F9VJT6Q, STM32U5F9ZIJ6QTR, STM32U5F9ZIT6Q, STM32U5F9ZJJ6QTR, STM32U5F9ZJT6Q, STM32U5G7VJT6, STM32U5G7VJT6Q, STM32U5G9BJY6QTR, STM32U5G9J-DK1, STM32U5G9J-DK2, STM32U5G9NJH6Q, STM32U5G9VJT6Q, STM32U5G9ZJJ6QTR, STM32U5G9ZJT6Q, STM32WB05KZV6TR, STM32WB05KZV7TR, STM32WB05TZF6TR, STM32WB05TZF7TR, STM32WB06CCF6TR, STM32WB06CCF7TR, STM32WB06CCV6TR, STM32WB06CCV7TR, STM32WB06KCV6TR, STM32WB06KCV7TR, STM32WB07CCF6TR, STM32WB07CCF7TR, STM32WB07CCV6TR, STM32WB07CCV7TR, STM32WB07KCV6TR, STM32WB07KCV7TR, STM32WB09KEV6TR, STM32WB09KEV7TR, STM32WB09TEF6TR, STM32WB09TEF7TR, STM32WB1MMCH6, STM32WBA50KGU6, STM32WBA50KGU6TR, STM32WBA52CEU6, STM32WBA52CEU6TR, STM32WBA52CEU7, STM32WBA52CEU7TR, STM32WBA52CGU6, STM32WBA52CGU6TR, STM32WBA52CGU6U, STM32WBA52CGU7, STM32WBA52CGU7TR, STM32WBA52KEU6, STM32WBA52KEU6TR, STM32WBA52KGU6, STM32WBA52KGU6TR, STM32WBA54CEU6, STM32WBA54CEU6TR, STM32WBA54CEU7, STM32WBA54CEU7TR, STM32WBA54CGU6, STM32WBA54CGU6TR, STM32WBA54CGU7, STM32WBA54CGU7TR, STM32WBA54KEU6, STM32WBA54KEU6TR, STM32WBA54KEU7, STM32WBA54KEU7TR, STM32WBA54KGU6, STM32WBA54KGU6TR, STM32WBA54KGU7, STM32WBA54KGU7TR, STM32WBA55CEU6, STM32WBA55CEU6TR, STM32WBA55CEU7, STM32WBA55CEU7TR, STM32WBA55CGU6, STM32WBA55CGU6TR, STM32WBA55CGU6U, STM32WBA55CGU7, STM32WBA55CGU7TR, STM32WBA55G-DK1, STM32WBA55HEF6, STM32WBA55HEF7, STM32WBA55HGF6, STM32WBA55HGF7, STM32WBA55UEI6, STM32WBA55UEI6TR, STM32WBA55UEI7, STM32WBA55UEI7TR, STM32WBA55UGI6, STM32WBA55UGI6TR, STM32WBA55UGI7, STM32WBA55UGI7TR, STM32WL5MOCH6, STM32WL5MOCH6TR]
2025-08-01 08:33:34,893 [INFO] ApiDb:668 - CubeFinder database Data Model version=2.1
2025-08-01 08:33:34,893 [INFO] ApiDb:669 - CubeFinder database Configuration version=3.0.39
2025-08-01 08:33:34,893 [INFO] ApiDb:670 - CubeFinder database generation date=2025-07-21 (1753107327)
2025-08-01 08:33:34,893 [INFO] ApiDb:671 - CubeFinder database FW Pack versions=[FP-ATR-ASTRA1_V2.0.0, FP-SNS-FLIGHT1_V5.1.0, FP-SNS-MOTENV1_V5.0.0, FP-SNS-MOTENVWB1_V1.4.0, FP-SNS-SMARTAG2_V1.2.0, FP-SNS-STBOX1_V2.0.0, STM32Cube_FW_C0_V1.4.0, STM32Cube_FW_F4_V1.28.2, STM32Cube_FW_F7_V1.17.3, STM32Cube_FW_G0_V1.6.2, STM32Cube_FW_G4_V1.6.1, STM32Cube_FW_H5_V1.5.0, STM32Cube_FW_H7RS_V1.2.0, STM32Cube_FW_H7_V1.12.1, STM32Cube_FW_L0_V1.12.2, STM32Cube_FW_L4_V1.18.1, STM32Cube_FW_L5_V1.5.1, STM32Cube_FW_N6_V1.2.0, STM32Cube_FW_U0_V1.3.0, STM32Cube_FW_U3_V1.2.0, STM32Cube_FW_U5_V1.8.0, STM32Cube_FW_WB0_V1.3.0, STM32Cube_FW_WBA_V1.7.0, STM32Cube_FW_WB_V1.23.0, STM32Cube_FW_WL3_V1.2.0, STM32Cube_FW_WL_V1.3.1, X-CUBE-ALGOBUILD_V1.4.0, X-CUBE-ALS_V1.0.2, X-CUBE-AZRTOS-F4_V1.1.0, X-CUBE-AZRTOS-F7_V1.1.0, X-CUBE-AZRTOS-G0_V1.1.0, X-CUBE-AZRTOS-G4_V2.0.0, X-CUBE-AZRTOS-H7RS_V1.1.0, X-CUBE-AZRTOS-H7_V3.3.0, X-CUBE-AZRTOS-L4_V2.0.0, X-CUBE-AZRTOS-L5_V2.0.0, X-CUBE-AZRTOS-WB_V2.0.0, X-CUBE-AZRTOS-WL_V2.0.0, X-CUBE-BLE1_V7.1.0, X-CUBE-BLE2_V3.3.0, X-CUBE-BLEMGR_V4.0.0, X-CUBE-EEPRMA1_V5.1.0, X-CUBE-FREERTOS_V1.3.1, X-CUBE-GNSS1_V6.0.0, X-CUBE-MEMS1_V11.3.0, X-CUBE-NFC4_V3.0.0, X-CUBE-NFC7_V2.0.0, X-CUBE-SFXS2LP1_V4.0.0, X-CUBE-SUBG2_V5.0.0, X-CUBE-TOF1_V3.4.3]
2025-08-01 08:33:37,955 [INFO] ApiDb:240 - Found 646 in-development CPN: [B-G473E-ZEST1S, B-WB1M-WPAN1, B-WL5M-SUBG1, NUCLEO-C031C6, NUCLEO-C071RB, NUCLEO-H503RB, NUCLEO-H533RE, NUCLEO-H563ZI, NUCLEO-H7S3L8, NUCLEO-U031R8, NUCLEO-U083RC, NUCLEO-U545RE-Q, NUCLEO-U5A5ZJ-Q, NUCLEO-WB05KZ, NUCLEO-WB07CC, NUCLEO-WB09KE, NUCLEO-WBA52CG, NUCLEO-WBA55CG, STEVAL-PROTEUS1, STEVAL-SMARTAG2, STEVAL-STWINBX1, STM320518-EVAL, STM32C0116-DK, STM32C011D6Y3TR, STM32C011D6Y6TR, STM32C011F4P3, STM32C011F4P6, STM32C011F4U3, STM32C011F4U6TR, STM32C011F6P3, STM32C011F6P6, STM32C011F6U3, STM32C011F6U6TR, STM32C011J4M3, STM32C011J4M6, STM32C011J6M3, STM32C011J6M6, STM32C0316-DK, STM32C031C4T3, STM32C031C4T6, STM32C031C4U3, STM32C031C4U6, STM32C031C6T3, STM32C031C6T6, STM32C031C6U3, STM32C031C6U6, STM32C031F4P3, STM32C031F4P6, STM32C031F6P3, STM32C031F6P6, STM32C031G4U3, STM32C031G4U6, STM32C031G6U3, STM32C031G6U6, STM32C031K4T3, STM32C031K4T6, STM32C031K4U3, STM32C031K4U6, STM32C031K6T3, STM32C031K6T6, STM32C031K6U3, STM32C031K6U6, STM32C071C8T6, STM32C071C8T6N, STM32C071C8U6, STM32C071C8U6N, STM32C071CBT6, STM32C071CBT6N, STM32C071CBU6, STM32C071CBU6N, STM32C071F8P6, STM32C071F8P6N, STM32C071FBP6, STM32C071FBP6N, STM32C071FBY6TR, STM32C071G8U6, STM32C071G8U6N, STM32C071GBU6, STM32C071GBU6N, STM32C071K8T6, STM32C071K8T6N, STM32C071K8U6, STM32C071K8U6N, STM32C071KBT6, STM32C071KBT6N, STM32C071KBU6, STM32C071KBU6N, STM32C071R8T6, STM32C071R8T6N, STM32C071RBI6N, STM32C071RBT6, STM32C071RBT6N, STM32G071K8TXN, STM32G071K8UXN, STM32G081GBU6N, STM32G081KBT6N, STM32G081KBUXN, STM32G0B1CCT6N, STM32G0B1KCT6, STM32G0B1NEY6TR, STM32G0B1RCT6N, STM32G0C1CCT6, STM32G0C1CCT6N, STM32G0C1CCU6N, STM32G0C1CET6N, STM32G0C1CEU6N, STM32G0C1KCT6, STM32G0C1NEY6TR, STM32G0C1RCI6N, STM32G0C1RCT6N, STM32G0C1REI6N, STM32G0C1RET6N, STM32G0C1VCI6, STM32G0C1VEI6, STM32G411C6T3, STM32G411C6T6, STM32G411C6U3, STM32G411C6U6, STM32G411C8T3, STM32G411C8T6, STM32G411C8U3, STM32G411C8U6, STM32G411CBT3, STM32G411CBT6, STM32G411CBU3, STM32G411CBU6, STM32G411K6T3, STM32G411K6T6, STM32G411K6U3, STM32G411K6U6, STM32G411K8T3, STM32G411K8T6, STM32G411K8U3, STM32G411K8U6, STM32G411KBT3, STM32G411KBT6, STM32G411KBU3, STM32G411KBU6, STM32G411M6T3, STM32G411M6T6, STM32G411M8T3, STM32G411M8T6, STM32G411MBT3, STM32G411MBT6, STM32G411R6T3, STM32G411R6T6, STM32G411R8T3, STM32G411R8T6, STM32G411RBT3, STM32G411RBT6, STM32G414CBT3, STM32G414CBT6, STM32G414CBU3, STM32G414CBU6, STM32G414CCT3, STM32G414CCT6, STM32G414CCU3, STM32G414CCU6, STM32G414MBT3, STM32G414MBT6, STM32G414MCT3, STM32G414MCT6, STM32G414RBT3, STM32G414RBT6, STM32G414RCT3, STM32G414RCT6, STM32G414VBT3, STM32G414VBT6, STM32G414VCT3, STM32G414VCT6, STM32G431CBT3Z, STM32G431RBT3Z, STM32G471CCT6, STM32G471CCU6, STM32G471CET3, STM32G471CET6, STM32G471CEU3, STM32G471CEU6, STM32G471MCT6, STM32G471MET3, STM32G471MET6, STM32G471MEY6TR, STM32G471QCT6, STM32G471QET3, STM32G471RCT6, STM32G471RET3, STM32G471RET6, STM32G471VCH6, STM32G471VCI6, STM32G471VCT6, STM32G471VEH3, STM32G471VEH6, STM32G471VEI3, STM32G471VEI6, STM32G471VET3, STM32G471VET6, STM32G473QET3Z, STM32G473RET3Z, STM32G474CCT6, STM32G491RET3Z, STM32H503CBT6, STM32H503CBU6, STM32H503EBY6TR, STM32H503KBU6, STM32H503RBT6, STM32H523CCT6, STM32H523CCU6, STM32H523CET6, STM32H523CEU6, STM32H523HEY6TR, STM32H523RCT6, STM32H523RET6, STM32H523VCI6, STM32H523VCT6, STM32H523VEI6, STM32H523VET6, STM32H523ZCJ6, STM32H523ZCT6, STM32H523ZEJ6, STM32H523ZET6, STM32H533CET6, STM32H533CEU6, STM32H533HEY6TR, STM32H533RET6, STM32H533VEI6, STM32H533VET6, STM32H533ZEJ6, STM32H533ZET6, STM32H562AGI6, STM32H562AII6, STM32H562IGK6, STM32H562IGT6, STM32H562IIK6, STM32H562IIT6, STM32H562RGT6, STM32H562RGV6, STM32H562RIT6, STM32H562RIV6, STM32H562VGT6, STM32H562VIT6, STM32H562ZGT6, STM32H562ZIT6, STM32H563AGI6, STM32H563AII3Q, STM32H563AII6, STM32H563IGK6, STM32H563IGT6, STM32H563IIK3Q, STM32H563IIK6, STM32H563IIT3Q, STM32H563IIT6, STM32H563MIY3QTR, STM32H563RGT6, STM32H563RGV6, STM32H563RIT6, STM32H563RIV6, STM32H563VGT6, STM32H563VIT3Q, STM32H563VIT6, STM32H563ZGT6, STM32H563ZIT3Q, STM32H563ZIT6, STM32H573AII3Q, STM32H573AII6, STM32H573I-DK, STM32H573IIK3Q, STM32H573IIK6, STM32H573IIT3Q, STM32H573IIT6, STM32H573MIY3QTR, STM32H573RIT6, STM32H573RIV6, STM32H573VIT3Q, STM32H573VIT6, STM32H573ZIT3Q, STM32H573ZIT6, STM32H7R3A8I6, STM32H7R3I8K6, STM32H7R3I8T6, STM32H7R3L8H6, STM32H7R3L8H6H, STM32H7R3R8V6, STM32H7R3V8H6, STM32H7R3V8T6, STM32H7R3V8Y6TR, STM32H7R3Z8J6, STM32H7R3Z8T6, STM32H7R7A8I6, STM32H7R7I8K6, STM32H7R7I8T6, STM32H7R7L8H6, STM32H7R7L8H6H, STM32H7R7Z8J6, STM32H7S3A8I6, STM32H7S3I8K6, STM32H7S3I8T6, STM32H7S3L8H6, STM32H7S3L8H6H, STM32H7S3R8V6, STM32H7S3V8H6, STM32H7S3V8T6, STM32H7S3V8Y6TR, STM32H7S3Z8J6, STM32H7S3Z8T6, STM32H7S78-DK, STM32H7S7A8I6, STM32H7S7I8K6, STM32H7S7I8T6, STM32H7S7L8H6, STM32H7S7L8H6H, STM32H7S7Z8J6, STM32L4R5QGI6STR, STM32MP131AAE3, STM32MP131AAF3, STM32MP131AAG3, STM32MP131CAE3, STM32MP131CAF3, STM32MP131CAG3, STM32MP131DAE7, STM32MP131DAF7, STM32MP131DAG7, STM32MP131FAE7, STM32MP131FAF7, STM32MP131FAG7, STM32MP133AAE3, STM32MP133AAF3, STM32MP133AAG3, STM32MP133CAE3, STM32MP133CAF3, STM32MP133CAG3, STM32MP133DAE7, STM32MP133DAF7, STM32MP133DAG7, STM32MP133FAE7, STM32MP133FAF7, STM32MP133FAG7, STM32MP135AAE3, STM32MP135AAF3, STM32MP135AAG3, STM32MP135CAE3, STM32MP135CAF3, STM32MP135CAG3, STM32MP135DAE7, STM32MP135DAF7, STM32MP135DAG7, STM32MP135F-DK, STM32MP135FAE7, STM32MP135FAF7, STM32MP135FAF7T, STM32MP135FAF7U, STM32MP135FAG7, STM32MP251AAI3, STM32MP251AAK3, STM32MP251AAL3, STM32MP251CAI3, STM32MP251CAK3, STM32MP251CAL3, STM32MP251DAI3, STM32MP251DAK3, STM32MP251DAL3, STM32MP251FAI3, STM32MP251FAK3, STM32MP251FAL3, STM32MP253AAI3, STM32MP253AAK3, STM32MP253AAL3, STM32MP253CAI3, STM32MP253CAK3, STM32MP253CAL3, STM32MP253DAI3, STM32MP253DAK3, STM32MP253DAL3, STM32MP253FAI3, STM32MP253FAK3, STM32MP253FAL3, STM32MP255AAI3, STM32MP255AAK3, STM32MP255AAL3, STM32MP255CAI3, STM32MP255CAK3, STM32MP255CAL3, STM32MP255DAI3, STM32MP255DAK3, STM32MP255DAL3, STM32MP255FAI3, STM32MP255FAK3, STM32MP255FAL3, STM32MP257AAI3, STM32MP257AAK3, STM32MP257AAL3, STM32MP257CAI3, STM32MP257CAK3, STM32MP257CAL3, STM32MP257DAI3, STM32MP257DAK3, STM32MP257DAL3, STM32MP257F-DK, STM32MP257F-EV1, STM32MP257FAI3, STM32MP257FAK3, STM32MP257FAL3, STM32U031C6T6, STM32U031C6U6, STM32U031C8T6, STM32U031C8U6, STM32U031F4P6, STM32U031F6P6, STM32U031F8P6, STM32U031G6Y6TR, STM32U031G8Y6TR, STM32U031K4U6, STM32U031K6U6, STM32U031K8U6, STM32U031R6I6, STM32U031R6T6, STM32U031R8I6, STM32U031R8T6, STM32U073C8T6, STM32U073C8U6, STM32U073CBT6, STM32U073CBU6, STM32U073CCT6, STM32U073CCU6, STM32U073H8Y6TR, STM32U073HBY6TR, STM32U073HCY6TR, STM32U073K8U6, STM32U073KBU6, STM32U073KCU6, STM32U073M8I6, STM32U073M8T6, STM32U073MBI6, STM32U073MBT6, STM32U073MCI6, STM32U073MCT6, STM32U073R8I6, STM32U073R8T6, STM32U073RBI6, STM32U073RBT6, STM32U073RCI6, STM32U073RCT6, STM32U083C-DK, STM32U083CCT6, STM32U083CCU6, STM32U083HCY6TR, STM32U083KCU6, STM32U083MCI6, STM32U083MCT6, STM32U083RCI6, STM32U083RCT6, STM32U535CBT6, STM32U535CBT6Q, STM32U535CBU6, STM32U535CBU6Q, STM32U535CCT6, STM32U535CCT6Q, STM32U535CCU6, STM32U535CCU6Q, STM32U535CET6, STM32U535CET6Q, STM32U535CEU6, STM32U535CEU6Q, STM32U535JEY6QTR, STM32U535NCY6QTR, STM32U535NEY6QTR, STM32U535RBI6, STM32U535RBI6Q, STM32U535RBT6, STM32U535RBT6Q, STM32U535RCI6, STM32U535RCI6Q, STM32U535RCT6, STM32U535RCT6Q, STM32U535REI6, STM32U535REI6Q, STM32U535RET6, STM32U535RET6Q, STM32U535VCI6, STM32U535VCI6Q, STM32U535VCT6, STM32U535VCT6Q, STM32U535VEI6, STM32U535VEI6Q, STM32U535VET6, STM32U535VET6Q, STM32U545CET6, STM32U545CET6Q, STM32U545CEU6, STM32U545CEU6Q, STM32U545JEY6QTR, STM32U545NEY6QTR, STM32U545REI6, STM32U545REI6Q, STM32U545RET6, STM32U545RET6Q, STM32U545VEI6, STM32U545VEI6Q, STM32U545VET6, STM32U545VET6Q, STM32U595AIH6, STM32U595AIH6Q, STM32U595AJH6, STM32U595AJH6Q, STM32U595QII6, STM32U595QII6Q, STM32U595QJI6, STM32U595QJI6Q, STM32U595RIT6, STM32U595RIT6Q, STM32U595RJT6, STM32U595RJT6Q, STM32U595VIT6, STM32U595VIT6Q, STM32U595VJT6, STM32U595VJT6Q, STM32U595ZIT6, STM32U595ZIT6Q, STM32U595ZIY6QTR, STM32U595ZJT6, STM32U595ZJT6Q, STM32U595ZJY6QTR, STM32U599BJY6QTR, STM32U599NIH6Q, STM32U599NJH6Q, STM32U599VIT6Q, STM32U599VJT6, STM32U599VJT6Q, STM32U599ZIT6Q, STM32U599ZIY6QTR, STM32U599ZJT6Q, STM32U599ZJY6QTR, STM32U5A5AJH6, STM32U5A5AJH6Q, STM32U5A5QII3Q , STM32U5A5QJI6, STM32U5A5QJI6Q, STM32U5A5RJT6, STM32U5A5RJT6Q, STM32U5A5VJT6, STM32U5A5VJT6Q, STM32U5A5ZJT6, STM32U5A5ZJT6Q, STM32U5A5ZJY6QTR, STM32U5A9BJY6QTR, STM32U5A9J-DK, STM32U5A9NJH6Q, STM32U5A9VJT6Q, STM32U5A9ZJT6Q, STM32U5A9ZJY6QTR, STM32U5F7VIT6, STM32U5F7VIT6Q, STM32U5F7VJT6, STM32U5F7VJT6Q, STM32U5F9BJY6QTR, STM32U5F9NJH6Q, STM32U5F9VIT6Q, STM32U5F9VJT6Q, STM32U5F9ZIJ6QTR, STM32U5F9ZIT6Q, STM32U5F9ZJJ6QTR, STM32U5F9ZJT6Q, STM32U5G7VJT6, STM32U5G7VJT6Q, STM32U5G9BJY6QTR, STM32U5G9J-DK1, STM32U5G9J-DK2, STM32U5G9NJH6Q, STM32U5G9VJT6Q, STM32U5G9ZJJ6QTR, STM32U5G9ZJT6Q, STM32WB05KZV6TR, STM32WB05KZV7TR, STM32WB05TZF6TR, STM32WB05TZF7TR, STM32WB06CCF6TR, STM32WB06CCF7TR, STM32WB06CCV6TR, STM32WB06CCV7TR, STM32WB06KCV6TR, STM32WB06KCV7TR, STM32WB07CCF6TR, STM32WB07CCF7TR, STM32WB07CCV6TR, STM32WB07CCV7TR, STM32WB07KCV6TR, STM32WB07KCV7TR, STM32WB09KEV6TR, STM32WB09KEV7TR, STM32WB09TEF6TR, STM32WB09TEF7TR, STM32WB1MMCH6, STM32WBA50KGU6, STM32WBA50KGU6TR, STM32WBA52CEU6, STM32WBA52CEU6TR, STM32WBA52CEU7, STM32WBA52CEU7TR, STM32WBA52CGU6, STM32WBA52CGU6TR, STM32WBA52CGU6U, STM32WBA52CGU7, STM32WBA52CGU7TR, STM32WBA52KEU6, STM32WBA52KEU6TR, STM32WBA52KGU6, STM32WBA52KGU6TR, STM32WBA54CEU6, STM32WBA54CEU6TR, STM32WBA54CEU7, STM32WBA54CEU7TR, STM32WBA54CGU6, STM32WBA54CGU6TR, STM32WBA54CGU7, STM32WBA54CGU7TR, STM32WBA54KEU6, STM32WBA54KEU6TR, STM32WBA54KEU7, STM32WBA54KEU7TR, STM32WBA54KGU6, STM32WBA54KGU6TR, STM32WBA54KGU7, STM32WBA54KGU7TR, STM32WBA55CEU6, STM32WBA55CEU6TR, STM32WBA55CEU7, STM32WBA55CEU7TR, STM32WBA55CGU6, STM32WBA55CGU6TR, STM32WBA55CGU6U, STM32WBA55CGU7, STM32WBA55CGU7TR, STM32WBA55G-DK1, STM32WBA55HEF6, STM32WBA55HEF7, STM32WBA55HGF6, STM32WBA55HGF7, STM32WBA55UEI6, STM32WBA55UEI6TR, STM32WBA55UEI7, STM32WBA55UEI7TR, STM32WBA55UGI6, STM32WBA55UGI6TR, STM32WBA55UGI7, STM32WBA55UGI7TR, STM32WL5MOCH6, STM32WL5MOCH6TR]
2025-08-01 08:33:37,962 [INFO] DbMcus:218 - Found 4733 MCUs, 4733 are supported
2025-08-01 08:33:37,963 [INFO] ApiDb:423 - Load user favorites file C:\Users\el208/.stm32cubeide/favorites.mcus.txt: 0 item(s)
2025-08-01 08:33:37,963 [INFO] ApiDb:427 - User favorites MCUs=[]
2025-08-01 08:33:37,963 [INFO] DbMcus:224 - Set 0 / 0 favorites MCUs
2025-08-01 08:33:38,462 [INFO] BoardInfo:889 - No configuration file found for board B-WBA5M-WPAN
2025-08-01 08:33:38,464 [INFO] DbBoards:161 - Board is not supported: B-WBA5M-WPAN
2025-08-01 08:33:38,470 [INFO] BoardInfo:889 - No configuration file found for board NUCLEO-C051C8
2025-08-01 08:33:38,471 [INFO] DbBoards:161 - Board is not supported: NUCLEO-C051C8
2025-08-01 08:33:38,476 [INFO] BoardInfo:889 - No configuration file found for board NUCLEO-C092RC
2025-08-01 08:33:38,477 [INFO] DbBoards:161 - Board is not supported: NUCLEO-C092RC
2025-08-01 08:33:38,638 [INFO] BoardInfo:889 - No configuration file found for board NUCLEO-N657X0-Q
2025-08-01 08:33:38,638 [INFO] DbBoards:161 - Board is not supported: NUCLEO-N657X0-Q
2025-08-01 08:33:38,645 [INFO] BoardInfo:889 - No configuration file found for board NUCLEO-U385RG-Q
2025-08-01 08:33:38,645 [INFO] DbBoards:161 - Board is not supported: NUCLEO-U385RG-Q
2025-08-01 08:33:38,669 [INFO] BoardInfo:889 - No configuration file found for board NUCLEO-WBA65RI
2025-08-01 08:33:38,670 [INFO] DbBoards:161 - Board is not supported: NUCLEO-WBA65RI
2025-08-01 08:33:38,671 [INFO] BoardInfo:889 - No configuration file found for board NUCLEO-WL33CC1
2025-08-01 08:33:38,673 [INFO] DbBoards:161 - Board is not supported: NUCLEO-WL33CC1
2025-08-01 08:33:38,675 [INFO] BoardInfo:889 - No configuration file found for board NUCLEO-WL33CC2
2025-08-01 08:33:38,676 [INFO] DbBoards:161 - Board is not supported: NUCLEO-WL33CC2
2025-08-01 08:33:38,687 [INFO] BoardInfo:889 - No configuration file found for board P-NUCLEO-WB55
2025-08-01 08:33:38,688 [INFO] DbBoards:161 - Kit is not supported: P-NUCLEO-WB55
2025-08-01 08:33:38,698 [INFO] BoardInfo:889 - No configuration file found for board STEVAL-BFA001V1B
2025-08-01 08:33:38,699 [INFO] DbBoards:161 - Kit is not supported: STEVAL-BFA001V1B
2025-08-01 08:33:38,701 [INFO] BoardInfo:889 - No configuration file found for board STEVAL-BFA001V2B
2025-08-01 08:33:38,702 [INFO] DbBoards:161 - Kit is not supported: STEVAL-BFA001V2B
2025-08-01 08:33:38,970 [INFO] BoardInfo:889 - No configuration file found for board STM32N6570-DK
2025-08-01 08:33:38,971 [INFO] DbBoards:161 - Board is not supported: STM32N6570-DK
2025-08-01 08:33:38,990 [INFO] BoardInfo:889 - No configuration file found for board STM32WBA65I-DK1
2025-08-01 08:33:38,990 [INFO] DbBoards:161 - Board is not supported: STM32WBA65I-DK1
2025-08-01 08:33:38,991 [INFO] DbBoards:168 - Found 211 boards, 198 are supported
2025-08-01 08:33:38,991 [INFO] DbBoards:169 - Found 211 boards, 25 of them is supported for  Bsp
2025-08-01 08:33:38,994 [INFO] ApiDb:423 - Load user favorites file C:\Users\el208/.stm32cubeide/favorites.boards.txt: 0 item(s)
2025-08-01 08:33:38,994 [INFO] ApiDb:427 - User favorites Boards=[]
2025-08-01 08:33:38,994 [INFO] DbBoards:198 - Set 0 / 0 favorites Boards
2025-08-01 08:33:39,063 [INFO] UtilMem:75 - End LoadConfig() Used Memory: 672304976 Bytes (1073741824)
2025-08-01 08:33:39,245 [WARN] ThirdParty:833 - waiting for thirdparty lock release [change project]
2025-08-01 08:33:39,245 [INFO] ThirdParty:835 - entering critical section [change project]
2025-08-01 08:33:39,245 [INFO] ThirdParty:1030 - CMSIS Pack Vendor :STMicroelectronics X-CUBE-PM33A1 1.0.0
2025-08-01 08:33:39,246 [INFO] ThirdParty:1030 - CMSIS Pack Vendor :STMicroelectronics USBPD 4.1
2025-08-01 08:33:39,246 [INFO] ThirdParty:1030 - CMSIS Pack Vendor :STMicroelectronics X-CUBE-AZRTOS-H7 3.3.0
2025-08-01 08:33:39,246 [INFO] ThirdParty:1030 - CMSIS Pack Vendor :STMicroelectronics X-CUBE-NFC9 1.0.0
2025-08-01 08:33:39,246 [INFO] ThirdParty:1030 - CMSIS Pack Vendor :STMicroelectronics USB_HOST 2.0.0
2025-08-01 08:33:39,246 [INFO] ThirdParty:1030 - CMSIS Pack Vendor :STMicroelectronics FP-SNS-MOTENVWB1 1.4.0
2025-08-01 08:33:39,246 [INFO] ThirdParty:1030 - CMSIS Pack Vendor :STMicroelectronics X-CUBE-AZRTOS-F4 1.1.0
2025-08-01 08:33:39,246 [INFO] ThirdParty:1030 - CMSIS Pack Vendor :STMicroelectronics LIBJPEG 8.0.0
2025-08-01 08:33:39,246 [INFO] ThirdParty:1030 - CMSIS Pack Vendor :STMicroelectronics FP-ATR-ASTRA1 2.0.2
2025-08-01 08:33:39,246 [INFO] ThirdParty:1030 - CMSIS Pack Vendor :STMicroelectronics X-CUBE-BLE1 7.1.0
2025-08-01 08:33:39,246 [INFO] ThirdParty:1030 - CMSIS Pack Vendor :STMicroelectronics X-CUBE-SMBUS 2.1.0
2025-08-01 08:33:39,246 [INFO] ThirdParty:1030 - CMSIS Pack Vendor :STMicroelectronics X-CUBE-WB05N 1.1.0
2025-08-01 08:33:39,246 [INFO] ThirdParty:1030 - CMSIS Pack Vendor :STMicroelectronics USB_DEVICE 3.0.0
2025-08-01 08:33:39,246 [INFO] ThirdParty:1030 - CMSIS Pack Vendor :STMicroelectronics X-CUBE-TCPP 4.1.0
2025-08-01 08:33:39,246 [INFO] ThirdParty:1030 - CMSIS Pack Vendor :STMicroelectronics X-CUBE-ISPU 2.1.0
2025-08-01 08:33:39,246 [INFO] ThirdParty:1030 - CMSIS Pack Vendor :STMicroelectronics X-CUBE-EEPRMA1 5.2.0
2025-08-01 08:33:39,246 [INFO] ThirdParty:1030 - CMSIS Pack Vendor :STMicroelectronics X-CUBE-FREERTOS 1.2.0
2025-08-01 08:33:39,246 [INFO] ThirdParty:1030 - CMSIS Pack Vendor :STMicroelectronics X-CUBE-IPS 3.0.0
2025-08-01 08:33:39,246 [INFO] ThirdParty:1030 - CMSIS Pack Vendor :STMicroelectronics X-CUBE-AZRTOS-WB 2.0.0
2025-08-01 08:33:39,246 [INFO] ThirdParty:1030 - CMSIS Pack Vendor :STMicroelectronics X-CUBE-GNSS1 7.0.0
2025-08-01 08:33:39,247 [INFO] ThirdParty:1030 - CMSIS Pack Vendor :STMicroelectronics X-CUBE-GNSS1 7.0.1
2025-08-01 08:33:39,247 [INFO] ThirdParty:1030 - CMSIS Pack Vendor :STMicroelectronics X-CUBE-NFC12 1.0.0
2025-08-01 08:33:39,247 [INFO] ThirdParty:1030 - CMSIS Pack Vendor :STMicroelectronics X-CUBE-AZRTOS-F7 1.1.0
2025-08-01 08:33:39,247 [INFO] ThirdParty:1030 - CMSIS Pack Vendor :STMicroelectronics X-CUBE-AZRTOS-L5 2.0.0
2025-08-01 08:33:39,247 [INFO] ThirdParty:1030 - CMSIS Pack Vendor :STMicroelectronics X-CUBE-TOUCHGFX 4.25.0
2025-08-01 08:33:39,247 [INFO] ThirdParty:1030 - CMSIS Pack Vendor :STMicroelectronics USB_DEVICE 2.0.0
2025-08-01 08:33:39,247 [INFO] ThirdParty:1030 - CMSIS Pack Vendor :STMicroelectronics X-CUBE-NFC6 3.1.0
2025-08-01 08:33:39,247 [INFO] ThirdParty:1030 - CMSIS Pack Vendor :STMicroelectronics X-CUBE-AI 10.1.0
2025-08-01 08:33:39,247 [INFO] ThirdParty:1030 - CMSIS Pack Vendor :STMicroelectronics FP-SNS-STBOX1 2.0.0
2025-08-01 08:33:39,247 [INFO] ThirdParty:1030 - CMSIS Pack Vendor :STMicroelectronics X-CUBE-MEMS1 11.0.0
2025-08-01 08:33:39,247 [INFO] ThirdParty:1030 - CMSIS Pack Vendor :STMicroelectronics FreeRTOS 0.0.1
2025-08-01 08:33:39,247 [INFO] ThirdParty:1030 - CMSIS Pack Vendor :STMicroelectronics X-CUBE-AZRTOS-G0 1.1.0
2025-08-01 08:33:39,247 [INFO] ThirdParty:1030 - CMSIS Pack Vendor :STMicroelectronics X-CUBE-SAFEA1 1.2.2
2025-08-01 08:33:39,247 [INFO] ThirdParty:1030 - CMSIS Pack Vendor :STMicroelectronics X-CUBE-NFC4 3.0.0
2025-08-01 08:33:39,247 [INFO] ThirdParty:1030 - CMSIS Pack Vendor :STMicroelectronics X-CUBE-DPower 1.2.0
2025-08-01 08:33:39,248 [INFO] ThirdParty:1030 - CMSIS Pack Vendor :STMicroelectronics X-CUBE-SUBG2 5.0.0
2025-08-01 08:33:39,248 [INFO] ThirdParty:1030 - CMSIS Pack Vendor :STMicroelectronics X-CUBE-AZRTOS-H7RS 1.1.0
2025-08-01 08:33:39,248 [INFO] ThirdParty:1030 - CMSIS Pack Vendor :STMicroelectronics STM32_WPAN 1.0.0
2025-08-01 08:33:39,248 [INFO] ThirdParty:1030 - CMSIS Pack Vendor :EmbeddedOffice I-CUBE-FS-RTOS 1.0.1
2025-08-01 08:33:39,248 [INFO] ThirdParty:1030 - CMSIS Pack Vendor :STMicroelectronics lwIP 2.0.3
2025-08-01 08:33:39,248 [INFO] ThirdParty:1030 - CMSIS Pack Vendor :STMicroelectronics FP-SNS-FLIGHT1 5.0.2
2025-08-01 08:33:39,248 [INFO] ThirdParty:1030 - CMSIS Pack Vendor :Cesanta I-CUBE-Mongoose 7.13.0
2025-08-01 08:33:39,248 [INFO] ThirdParty:1030 - CMSIS Pack Vendor :STMicroelectronics USB_HOST 1.0.0
2025-08-01 08:33:39,248 [INFO] ThirdParty:1030 - CMSIS Pack Vendor :STMicroelectronics X-CUBE-AZRTOS-G4 2.0.0
2025-08-01 08:33:39,248 [INFO] ThirdParty:1030 - CMSIS Pack Vendor :STMicroelectronics X-CUBE-WB05N 2.0.0
2025-08-01 08:33:39,248 [INFO] ThirdParty:1030 - CMSIS Pack Vendor :STMicroelectronics PDM2PCM 3.1.0
2025-08-01 08:33:39,248 [INFO] ThirdParty:1030 - CMSIS Pack Vendor :STMicroelectronics PDM2PCM 3.3.0
2025-08-01 08:33:39,248 [INFO] ThirdParty:1030 - CMSIS Pack Vendor :STMicroelectronics X-CUBE-AZRTOS-H7 3.4.0
2025-08-01 08:33:39,248 [INFO] ThirdParty:1030 - CMSIS Pack Vendor :STMicroelectronics X-CUBE-DISPLAY 3.0.0
2025-08-01 08:33:39,249 [INFO] ThirdParty:1030 - CMSIS Pack Vendor :STMicroelectronics X-CUBE-NFC7 2.0.0
2025-08-01 08:33:39,249 [INFO] ThirdParty:1030 - CMSIS Pack Vendor :RealThread X-CUBE-RT-Thread_Nano 4.1.1
2025-08-01 08:33:39,249 [INFO] ThirdParty:1030 - CMSIS Pack Vendor :STMicroelectronics X-CUBE-BLE1 7.0.0
2025-08-01 08:33:39,249 [INFO] ThirdParty:1030 - CMSIS Pack Vendor :STMicroelectronics FP-ATR-SIGFOX1 3.2.0
2025-08-01 08:33:39,249 [INFO] ThirdParty:1030 - CMSIS Pack Vendor :STMicroelectronics X-CUBE-NFC10 1.0.0
2025-08-01 08:33:39,249 [INFO] ThirdParty:1030 - CMSIS Pack Vendor :wolfSSL I-CUBE-wolfSSL 5.7.2
2025-08-01 08:33:39,249 [INFO] ThirdParty:1030 - CMSIS Pack Vendor :STMicroelectronics X-CUBE-BLEMGR 4.0.0
2025-08-01 08:33:39,249 [INFO] ThirdParty:1030 - CMSIS Pack Vendor :STMicroelectronics X-CUBE-EEPRMA1 5.1.0
2025-08-01 08:33:39,250 [INFO] ThirdParty:1030 - CMSIS Pack Vendor :STMicroelectronics X-CUBE-FREERTOS 1.3.1
2025-08-01 08:33:39,250 [INFO] ThirdParty:1030 - CMSIS Pack Vendor :STMicroelectronics HAL Drivers 0.0.0
2025-08-01 08:33:39,250 [INFO] ThirdParty:1030 - CMSIS Pack Vendor :STMicroelectronics MBEDTLS 2.16.2
2025-08-01 08:33:39,250 [INFO] ThirdParty:1030 - CMSIS Pack Vendor :STMicroelectronics X-CUBE-ALS 1.0.2
2025-08-01 08:33:39,250 [INFO] ThirdParty:1030 - CMSIS Pack Vendor :emotas I-CUBE-CANOPEN 1.3.0
2025-08-01 08:33:39,250 [INFO] ThirdParty:1030 - CMSIS Pack Vendor :STMicroelectronics X-CUBE-NFC7 1.0.1
2025-08-01 08:33:39,250 [INFO] ThirdParty:1030 - CMSIS Pack Vendor :STMicroelectronics MBEDTLS 2.14.1
2025-08-01 08:33:39,250 [INFO] ThirdParty:1030 - CMSIS Pack Vendor :ITTIA_DB I-CUBE-ITTIADB 8.9.0
2025-08-01 08:33:39,250 [INFO] ThirdParty:1030 - CMSIS Pack Vendor :STMicroelectronics X-CUBE-TOUCHGFX 4.24.1
2025-08-01 08:33:39,250 [INFO] ThirdParty:1030 - CMSIS Pack Vendor :wolfSSL I-CUBE-wolfTPM 3.4.0
2025-08-01 08:33:39,250 [INFO] ThirdParty:1030 - CMSIS Pack Vendor :portGmbH I-Cube-SoM-uGOAL 1.1.0
2025-08-01 08:33:39,250 [INFO] ThirdParty:1030 - CMSIS Pack Vendor :quantropi X-CUBE-qispace-sdk-base 2.0.0
2025-08-01 08:33:39,250 [INFO] ThirdParty:1030 - CMSIS Pack Vendor :STMicroelectronics X-CUBE-BLEMGR 3.1.0
2025-08-01 08:33:39,250 [INFO] ThirdParty:1030 - CMSIS Pack Vendor :STMicroelectronics ThreadX 1.0.0
2025-08-01 08:33:39,250 [INFO] ThirdParty:1030 - CMSIS Pack Vendor :STMicroelectronics FP-SNS-SMARTAG2 1.2.0
2025-08-01 08:33:39,250 [INFO] ThirdParty:1030 - CMSIS Pack Vendor :STMicroelectronics X-CUBE-AZRTOS-WL 2.0.0
2025-08-01 08:33:39,250 [INFO] ThirdParty:1030 - CMSIS Pack Vendor :SEGGER I-CUBE-embOS 1.3.1
2025-08-01 08:33:39,250 [INFO] ThirdParty:1030 - CMSIS Pack Vendor :STMicroelectronics X-CUBE-ALGOBUILD 1.4.0
2025-08-01 08:33:39,250 [INFO] ThirdParty:1030 - CMSIS Pack Vendor :STMicroelectronics X-CUBE-DPower 1.3.0
2025-08-01 08:33:39,252 [INFO] ThirdParty:1030 - CMSIS Pack Vendor :STMicroelectronics X-CUBE-MEMS1 11.3.0
2025-08-01 08:33:39,252 [INFO] ThirdParty:1030 - CMSIS Pack Vendor :STMicroelectronics FP-SNS-MOTENV1 5.0.0
2025-08-01 08:33:39,252 [INFO] ThirdParty:1030 - CMSIS Pack Vendor :STMicroelectronics USB_DEVICE 1.0.0
2025-08-01 08:33:39,252 [INFO] ThirdParty:1030 - CMSIS Pack Vendor :STMicroelectronics X-CUBE-AZRTOS-H7RS 1.0.0
2025-08-01 08:33:39,252 [INFO] ThirdParty:1030 - CMSIS Pack Vendor :wolfSSL I-CUBE-wolfMQTT 1.19.0
2025-08-01 08:33:39,252 [INFO] ThirdParty:1030 - CMSIS Pack Vendor :STMicroelectronics X-CUBE-AZRTOS-L4 2.0.0
2025-08-01 08:33:39,252 [INFO] ThirdParty:1030 - CMSIS Pack Vendor :STMicroelectronics ThreadX 0.0.2
2025-08-01 08:33:39,252 [INFO] ThirdParty:1030 - CMSIS Pack Vendor :WES I-CUBE-Cesium 1.3.0
2025-08-01 08:33:39,252 [INFO] ThirdParty:1030 - CMSIS Pack Vendor :STMicroelectronics FP-ATR-ASTRA1 2.0.0
2025-08-01 08:33:39,252 [INFO] ThirdParty:1030 - CMSIS Pack Vendor :STMicroelectronics lwIP 2.1.2
2025-08-01 08:33:39,252 [INFO] ThirdParty:1030 - CMSIS Pack Vendor :STMicroelectronics X-CUBE-SFXS2LP1 4.0.0
2025-08-01 08:33:39,252 [INFO] ThirdParty:1030 - CMSIS Pack Vendor :STMicroelectronics X-CUBE-BLE2 3.3.0
2025-08-01 08:33:39,252 [INFO] ThirdParty:1030 - CMSIS Pack Vendor :STMicroelectronics X-CUBE-TOF1 3.4.2
2025-08-01 08:33:39,252 [INFO] ThirdParty:1030 - CMSIS Pack Vendor :STMicroelectronics X-CUBE-AI 9.1.0
2025-08-01 08:33:39,252 [INFO] ThirdParty:1030 - CMSIS Pack Vendor :Infineon AIROC-Wi-Fi-Bluetooth-STM32 1.6.1
2025-08-01 08:33:39,252 [INFO] ThirdParty:1030 - CMSIS Pack Vendor :STMicroelectronics PDM2PCM 3.2.0
2025-08-01 08:33:39,252 [INFO] ThirdParty:1030 - CMSIS Pack Vendor :wolfSSL I-CUBE-wolfSSH 1.4.17
2025-08-01 08:33:39,252 [INFO] ThirdParty:841 - exiting critical section [change project]
2025-08-01 08:33:39,662 [INFO] PinOutPanel:1561 - setPackage(No Configuration,No Configuration)
2025-08-01 08:33:39,665 [INFO] PinOutPanel:1561 - setPackage(STM32F401RETx,LQFP64)
2025-08-01 08:33:40,254 [INFO] UtilMem:75 - Before build in PCC Used Memory: 687628520 Bytes (1073741824)
2025-08-01 08:33:41,325 [INFO] UtilMem:75 - After build in PCC Used Memory: 756930488 Bytes (1073741824)
2025-08-01 08:33:41,360 [INFO] IPUIPlugin:80 - create IPUIPlugin
2025-08-01 08:33:41,360 [INFO] IPUIPlugin:80 - create IPUIPlugin
2025-08-01 08:33:41,360 [INFO] IPUIPlugin:80 - create IPUIPlugin
2025-08-01 08:33:41,360 [INFO] IPUIPlugin:80 - create IPUIPlugin
2025-08-01 08:33:41,360 [INFO] IPUIPlugin:80 - create IPUIPlugin
2025-08-01 08:33:41,360 [INFO] IPUIPlugin:80 - create IPUIPlugin
2025-08-01 08:33:41,360 [INFO] IPUIPlugin:80 - create IPUIPlugin
2025-08-01 08:33:41,360 [INFO] IPUIPlugin:80 - create IPUIPlugin
2025-08-01 08:33:41,360 [INFO] IPUIPlugin:80 - create IPUIPlugin
2025-08-01 08:33:41,362 [INFO] IPUIPlugin:80 - create IPUIPlugin
2025-08-01 08:33:41,362 [INFO] IPUIPlugin:80 - create IPUIPlugin
2025-08-01 08:33:41,362 [INFO] IPUIPlugin:80 - create IPUIPlugin
2025-08-01 08:33:41,362 [INFO] IPUIPlugin:80 - create IPUIPlugin
2025-08-01 08:33:41,362 [INFO] IPUIPlugin:80 - create IPUIPlugin
2025-08-01 08:33:41,362 [INFO] IPUIPlugin:80 - create IPUIPlugin
2025-08-01 08:33:41,362 [INFO] IPUIPlugin:80 - create IPUIPlugin
2025-08-01 08:33:41,362 [INFO] IPUIPlugin:80 - create IPUIPlugin
2025-08-01 08:33:41,362 [INFO] IPUIPlugin:80 - create IPUIPlugin
2025-08-01 08:33:41,363 [INFO] IPUIPlugin:80 - create IPUIPlugin
2025-08-01 08:33:41,363 [INFO] IPUIPlugin:80 - create IPUIPlugin
2025-08-01 08:33:41,363 [INFO] IPUIPlugin:80 - create IPUIPlugin
2025-08-01 08:33:41,364 [INFO] IPUIPlugin:80 - create IPUIPlugin
2025-08-01 08:33:41,364 [INFO] IPUIPlugin:80 - create IPUIPlugin
2025-08-01 08:33:41,364 [INFO] IPUIPlugin:80 - create IPUIPlugin
2025-08-01 08:33:41,364 [INFO] IPUIPlugin:80 - create IPUIPlugin
2025-08-01 08:33:41,364 [INFO] IPUIPlugin:80 - create IPUIPlugin
2025-08-01 08:33:41,365 [INFO] IPUIPlugin:80 - create IPUIPlugin
2025-08-01 08:33:41,365 [INFO] IPUIPlugin:80 - create IPUIPlugin
2025-08-01 08:33:41,365 [INFO] IPUIPlugin:80 - create IPUIPlugin
2025-08-01 08:33:41,366 [INFO] IPUIPlugin:80 - create IPUIPlugin
2025-08-01 08:33:41,366 [INFO] IPUIPlugin:80 - create IPUIPlugin
2025-08-01 08:33:41,366 [INFO] IPUIPlugin:80 - create IPUIPlugin
2025-08-01 08:33:41,366 [INFO] IPUIPlugin:80 - create IPUIPlugin
2025-08-01 08:33:41,367 [INFO] IPUIPlugin:80 - create IPUIPlugin
2025-08-01 08:33:41,367 [INFO] IPUIPlugin:80 - create IPUIPlugin
2025-08-01 08:33:41,367 [INFO] IPUIPlugin:80 - create IPUIPlugin
2025-08-01 08:33:41,367 [INFO] IPUIPlugin:80 - create IPUIPlugin
2025-08-01 08:33:41,368 [INFO] IPUIPlugin:80 - create IPUIPlugin
2025-08-01 08:33:41,460 [INFO] ApiDbMcu:508 - Load IP Config File for PDM2PCM
2025-08-01 08:33:41,683 [INFO] CADModel:165 - CPN selected for project levelSTM32F401RET6
2025-08-01 08:33:41,683 [INFO] CADModel:114 - Register for checkConnection events
2025-08-01 08:33:41,735 [INFO] OpenFileManager:363 - Restore cursor
2025-08-01 08:34:23,780 [INFO] Gpio:277 - dependency for GPIO [RCC, SYS, USART2]
2025-08-01 08:36:02,527 [INFO] UtilMem:75 - End SaveConfig() Used Memory: 842508728 Bytes (1073741824)
2025-08-01 08:36:05,149 [INFO] UtilMem:75 - End SaveConfig() Used Memory: 867152312 Bytes (1073741824)
2025-08-01 08:36:07,362 [INFO] UtilMem:75 - End SaveConfig() Used Memory: 908046776 Bytes (1073741824)
2025-08-01 08:36:08,058 [INFO] BlockDiagram:2766 - set Specific Code input for plugin: NVIC
2025-08-01 08:36:08,058 [INFO] BlockDiagram:2766 - set Specific Code input for plugin: USART
2025-08-01 08:36:08,058 [INFO] BlockDiagram:2766 - set Specific Code input for plugin: SYS
2025-08-01 08:36:08,059 [INFO] BlockDiagram:2766 - set Specific Code input for plugin: GPIO
2025-08-01 08:36:08,059 [INFO] BlockDiagram:2766 - set Specific Code input for plugin: RCC
2025-08-01 08:36:08,062 [INFO] CodeGenerator:807 - code generatio: config db path: C:\ST\STM32CubeIDE_1.16.1\STM32CubeIDE\plugins\com.st.stm32cube.common.mx_6.12.1.202409122256\\db\
2025-08-01 08:36:08,268 [INFO] CodeEngine:255 - oldGeneratedFile, C:\Users\el208\Documents\\Nucleo_stm32_project\Code\Button_Interrupt\MXTmpFiles\license.tmp_save
2025-08-01 08:36:08,738 [INFO] CodeEngine:279 - Generated code: C:\Users\el208\Documents\\Nucleo_stm32_project\Code\Button_Interrupt\MXTmpFiles\license.tmp
2025-08-01 08:36:08,811 [INFO] CodeEngine:255 - oldGeneratedFile, C:\Users\el208\Documents\\Nucleo_stm32_project\Code\Button_Interrupt\MXTmpFiles\gpio.tmp_save
2025-08-01 08:36:09,011 [INFO] CodeEngine:279 - Generated code: C:\Users\el208\Documents\\Nucleo_stm32_project\Code\Button_Interrupt\MXTmpFiles\gpio.tmp
2025-08-01 08:36:09,144 [INFO] CodeEngine:255 - oldGeneratedFile, C:\Users\el208\Documents\\Nucleo_stm32_project\Code\Button_Interrupt\Core\Src\stm32f4xx_it.c_save
2025-08-01 08:36:09,326 [INFO] CodeEngine:279 - Generated code: C:\Users\el208\Documents\\Nucleo_stm32_project\Code\Button_Interrupt\Core\Src\stm32f4xx_it.c
2025-08-01 08:36:09,345 [INFO] CodeEngine:255 - oldGeneratedFile, C:\Users\el208\Documents\\Nucleo_stm32_project\Code\Button_Interrupt\Core\Inc\stm32f4xx_it.h_save
2025-08-01 08:36:09,455 [INFO] CodeEngine:279 - Generated code: C:\Users\el208\Documents\\Nucleo_stm32_project\Code\Button_Interrupt\Core\Inc\stm32f4xx_it.h
2025-08-01 08:36:09,494 [INFO] CodeEngine:255 - oldGeneratedFile, C:\Users\el208\Documents\\Nucleo_stm32_project\Code\Button_Interrupt\Core\Src\stm32f4xx_hal_msp.c_save
2025-08-01 08:36:09,664 [INFO] CodeEngine:279 - Generated code: C:\Users\el208\Documents\\Nucleo_stm32_project\Code\Button_Interrupt\Core\Src\stm32f4xx_hal_msp.c
2025-08-01 08:36:09,681 [INFO] CodeEngine:255 - oldGeneratedFile, C:\Users\el208\Documents\\Nucleo_stm32_project\Code\Button_Interrupt\MXTmpFiles\system.tmp_save
2025-08-01 08:36:09,771 [INFO] CodeEngine:279 - Generated code: C:\Users\el208\Documents\\Nucleo_stm32_project\Code\Button_Interrupt\MXTmpFiles\system.tmp
2025-08-01 08:36:09,801 [INFO] CodeEngine:311 - oldGeneratedFile, C:\Users\el208\Documents\\Nucleo_stm32_project\Code\Button_Interrupt\Core\Inc\stm32f4xx_hal_conf.h_save
2025-08-01 08:36:09,929 [INFO] CodeEngine:335 - Generated code: C:\Users\el208\Documents\\Nucleo_stm32_project\Code\Button_Interrupt\Core\Inc\stm32f4xx_hal_conf.h
2025-08-01 08:36:10,023 [INFO] CodeEngine:255 - oldGeneratedFile, C:\Users\el208\Documents\\Nucleo_stm32_project\Code\Button_Interrupt\Core\Inc\main.h_save
2025-08-01 08:36:10,155 [INFO] CodeEngine:279 - Generated code: C:\Users\el208\Documents\\Nucleo_stm32_project\Code\Button_Interrupt\Core\Inc\main.h
2025-08-01 08:36:10,175 [INFO] CodeEngine:255 - oldGeneratedFile, C:\Users\el208\Documents\\Nucleo_stm32_project\Code\Button_Interrupt\Core\Src\main.c_save
2025-08-01 08:36:10,384 [INFO] CodeEngine:279 - Generated code: C:\Users\el208\Documents\\Nucleo_stm32_project\Code\Button_Interrupt\Core\Src\main.c
2025-08-01 08:36:11,266 [INFO] ProjectBuilder:3249 - Time for Copy HAL[1] : 555mS.
2025-08-01 08:36:11,282 [INFO] ProjectBuilder:4828 - Project Generator version: 4.5.0-B34
2025-08-01 08:36:11,389 [INFO] ConfigFileManager:1531 - The Die is : DIE433
2025-08-01 08:36:11,401 [INFO] ApiDbMcu:508 - Load IP Config File for FATFS
2025-08-01 08:36:11,409 [INFO] ApiDbMcu:508 - Load IP Config File for FREERTOS
2025-08-01 08:36:11,412 [INFO] ApiDbMcu:508 - Load IP Config File for LIBJPEG
2025-08-01 08:36:11,423 [INFO] ApiDbMcu:508 - Load IP Config File for MBEDTLS
2025-08-01 08:36:11,434 [INFO] ApiDbMcu:508 - Load IP Config File for USB_DEVICE
2025-08-01 08:36:11,441 [INFO] ApiDbMcu:508 - Load IP Config File for USB_HOST
2025-08-01 08:36:11,934 [INFO] LogOutputStream:77 - [STDOUT_REDIRECT] 
2025-08-01 08:36:13,400 [INFO] ProjectBuilder:5097 - Time for Generating toolchain IDE Files: 2119mS.
2025-08-01 08:36:13,402 [INFO] ProjectBuilder:3107 - Time for Copy CMSIS : 1mS.
2025-08-01 08:36:13,410 [INFO] ProjectBuilder:3107 - Time for Copy CMSIS : 0mS.
2025-08-01 08:36:29,165 [INFO] Gpio:277 - dependency for GPIO [RCC, SYS, USART2]
2025-08-01 08:36:56,894 [INFO] UtilMem:75 - End SaveConfig() Used Memory: 747783760 Bytes (1073741824)
2025-08-01 08:36:58,521 [INFO] UtilMem:75 - End SaveConfig() Used Memory: 767422824 Bytes (1073741824)
2025-08-01 08:37:00,640 [INFO] UtilMem:75 - End SaveConfig() Used Memory: 730120352 Bytes (1073741824)
2025-08-01 08:37:00,986 [INFO] BlockDiagram:2766 - set Specific Code input for plugin: NVIC
2025-08-01 08:37:00,986 [INFO] BlockDiagram:2766 - set Specific Code input for plugin: USART
2025-08-01 08:37:00,986 [INFO] BlockDiagram:2766 - set Specific Code input for plugin: SYS
2025-08-01 08:37:00,986 [INFO] BlockDiagram:2766 - set Specific Code input for plugin: GPIO
2025-08-01 08:37:00,986 [INFO] BlockDiagram:2766 - set Specific Code input for plugin: RCC
2025-08-01 08:37:00,988 [INFO] CodeGenerator:807 - code generatio: config db path: C:\ST\STM32CubeIDE_1.16.1\STM32CubeIDE\plugins\com.st.stm32cube.common.mx_6.12.1.202409122256\\db\
2025-08-01 08:37:01,093 [INFO] CodeEngine:255 - oldGeneratedFile, C:\Users\el208\Documents\\Nucleo_stm32_project\Code\Button_Interrupt\MXTmpFiles\license.tmp_save
2025-08-01 08:37:01,198 [INFO] CodeEngine:279 - Generated code: C:\Users\el208\Documents\\Nucleo_stm32_project\Code\Button_Interrupt\MXTmpFiles\license.tmp
2025-08-01 08:37:01,240 [INFO] CodeEngine:255 - oldGeneratedFile, C:\Users\el208\Documents\\Nucleo_stm32_project\Code\Button_Interrupt\MXTmpFiles\gpio.tmp_save
2025-08-01 08:37:01,356 [INFO] CodeEngine:279 - Generated code: C:\Users\el208\Documents\\Nucleo_stm32_project\Code\Button_Interrupt\MXTmpFiles\gpio.tmp
2025-08-01 08:37:01,433 [INFO] CodeEngine:255 - oldGeneratedFile, C:\Users\el208\Documents\\Nucleo_stm32_project\Code\Button_Interrupt\Core\Src\stm32f4xx_it.c_save
2025-08-01 08:37:01,561 [INFO] CodeEngine:279 - Generated code: C:\Users\el208\Documents\\Nucleo_stm32_project\Code\Button_Interrupt\Core\Src\stm32f4xx_it.c
2025-08-01 08:37:01,581 [INFO] CodeEngine:255 - oldGeneratedFile, C:\Users\el208\Documents\\Nucleo_stm32_project\Code\Button_Interrupt\Core\Inc\stm32f4xx_it.h_save
2025-08-01 08:37:01,685 [INFO] CodeEngine:279 - Generated code: C:\Users\el208\Documents\\Nucleo_stm32_project\Code\Button_Interrupt\Core\Inc\stm32f4xx_it.h
2025-08-01 08:37:01,722 [INFO] CodeEngine:255 - oldGeneratedFile, C:\Users\el208\Documents\\Nucleo_stm32_project\Code\Button_Interrupt\Core\Src\stm32f4xx_hal_msp.c_save
2025-08-01 08:37:01,855 [INFO] CodeEngine:279 - Generated code: C:\Users\el208\Documents\\Nucleo_stm32_project\Code\Button_Interrupt\Core\Src\stm32f4xx_hal_msp.c
2025-08-01 08:37:01,868 [INFO] CodeEngine:255 - oldGeneratedFile, C:\Users\el208\Documents\\Nucleo_stm32_project\Code\Button_Interrupt\MXTmpFiles\system.tmp_save
2025-08-01 08:37:01,965 [INFO] CodeEngine:279 - Generated code: C:\Users\el208\Documents\\Nucleo_stm32_project\Code\Button_Interrupt\MXTmpFiles\system.tmp
2025-08-01 08:37:01,995 [INFO] CodeEngine:311 - oldGeneratedFile, C:\Users\el208\Documents\\Nucleo_stm32_project\Code\Button_Interrupt\Core\Inc\stm32f4xx_hal_conf.h_save
2025-08-01 08:37:02,099 [INFO] CodeEngine:335 - Generated code: C:\Users\el208\Documents\\Nucleo_stm32_project\Code\Button_Interrupt\Core\Inc\stm32f4xx_hal_conf.h
2025-08-01 08:37:02,155 [INFO] CodeEngine:255 - oldGeneratedFile, C:\Users\el208\Documents\\Nucleo_stm32_project\Code\Button_Interrupt\Core\Inc\main.h_save
2025-08-01 08:37:02,265 [INFO] CodeEngine:279 - Generated code: C:\Users\el208\Documents\\Nucleo_stm32_project\Code\Button_Interrupt\Core\Inc\main.h
2025-08-01 08:37:02,286 [INFO] CodeEngine:255 - oldGeneratedFile, C:\Users\el208\Documents\\Nucleo_stm32_project\Code\Button_Interrupt\Core\Src\main.c_save
2025-08-01 08:37:02,439 [INFO] CodeEngine:279 - Generated code: C:\Users\el208\Documents\\Nucleo_stm32_project\Code\Button_Interrupt\Core\Src\main.c
2025-08-01 08:37:03,171 [INFO] ProjectBuilder:3249 - Time for Copy HAL[1] : 489mS.
2025-08-01 08:37:03,181 [INFO] ProjectBuilder:4828 - Project Generator version: 4.5.0-B34
2025-08-01 08:37:03,274 [INFO] ConfigFileManager:1531 - The Die is : DIE433
2025-08-01 08:37:04,524 [INFO] ProjectBuilder:5097 - Time for Generating toolchain IDE Files: 1343mS.
2025-08-01 08:37:04,526 [INFO] ProjectBuilder:3107 - Time for Copy CMSIS : 1mS.
2025-08-01 08:37:04,534 [INFO] ProjectBuilder:3107 - Time for Copy CMSIS : 0mS.
